#
# A fatal error has been detected by the Java Runtime Environment:
#
#  EXCEPTION_ACCESS_VIOLATION (0xc0000005) at pc=0x000002ae87554c88, pid=8532, tid=11036
#
# JRE version: OpenJDK Runtime Environment Temurin-22.0.2+9 (22.0.2+9) (build 22.0.2+9)
# Java VM: OpenJDK 64-Bit Server VM Temurin-22.0.2+9 (22.0.2+9, mixed mode, tiered, compressed oops, compressed class ptrs, g1 gc, windows-amd64)
# Problematic frame:
# j  java.lang.invoke.LambdaForm$DMH+0x000000000b3dc000.invokeVirtual(Ljava/lang/Object;Ljava/lang/Object;Ljava/lang/Object;Ljava/lang/Object;)Ljava/lang/Object;+14 java.base@22.0.2
#
# No core dump will be written. Minidumps are not enabled by default on client versions of Windows
#
# If you would like to submit a bug report, please visit:
#   https://github.com/adoptium/adoptium-support/issues
#

---------------  S U M M A R Y ------------

Command Line: -XX:+ShowCodeDetailsInExceptionMessages -agentlib:jdwp=transport=dt_socket,suspend=y,address=localhost:63207 -javaagent:D:\eclipse\jee-2024-094\eclipse\configuration\org.eclipse.osgi\446\0\.cp\lib\javaagent-shaded.jar -Dfile.encoding=UTF-8 -Dstdout.encoding=UTF-8 -Dstderr.encoding=UTF-8 com.frontend.train_booking_frontend_customer.TrainBookingFrontendApplication

Host: AMD Ryzen 5 5600H with Radeon Graphics         , 12 cores, 15G,  Windows 11 , 64 bit Build 26100 (10.0.26100.2454)
Time: Thu Nov 28 02:40:38 2024 SE Asia Standard Time elapsed time: 555.435123 seconds (0d 0h 9m 15s)

---------------  T H R E A D  ---------------

Current thread (0x000002ae97749fa0):  JavaThread "http-nio-9222-exec-2" daemon [_thread_in_Java, id=11036, stack(0x000000cfcd900000,0x000000cfcda00000) (1024K)]

Stack: [0x000000cfcd900000,0x000000cfcda00000],  sp=0x000000cfcd9fc4a0,  free space=1009k
Native frames: (J=compiled Java code, j=interpreted, Vv=VM code, C=native code)
C  0x000002ae87554c88  (no source info available)

The last pc belongs to invokestatic (printed below).

siginfo: EXCEPTION_ACCESS_VIOLATION (0xc0000005), reading address 0xffffffffffffffff


Registers:
RAX=0x000002ae91ce0650, RBX=0x000002ae91d0e4f0, RCX=0x000002ae91ce0400, RDX=0x0000000000000002
RSP=0x000000cfcd9fc4a0, RBP=0x000000cfcd9fc508, RSI=0x000002ae977e5098, RDI=0x000002ae9425eeb0
R8 =0x0000000000000004, R9 =0x0000000000000004, R10=0x00007fffef410cc0, R11=0x000002ae91ce0288
R12=0x0000000000000000, R13=0xfffffffffffffff7, R14=0x000000cfcd9fc538, R15=0x000002ae97749fa0
RIP=0x000002ae87554c88, EFLAGS=0x0000000000010282


Register to memory mapping:

RAX=0x000002ae91ce0650 is pointing into metadata
RBX={method} {0x000002ae91d0e4f8} 'linkToVirtual' '(Ljava/lang/Object;Ljava/lang/Object;Ljava/lang/Object;Ljava/lang/invoke/MemberName;)Ljava/lang/Object;' in 'java/lang/invoke/MethodHandle'
RCX=0x000002ae91ce0400 is pointing into metadata
RDX=0x0000000000000002 is an unknown value
RSP=0x000000cfcd9fc4a0 is pointing into the stack for thread: 0x000002ae97749fa0
RBP=0x000000cfcd9fc508 is pointing into the stack for thread: 0x000002ae97749fa0
RSI=0x000002ae977e5098 points into unknown readable memory: 0x80000e28232ccc1f | 1f cc 2c 23 28 0e 00 80
RDI=0x000002ae9425eeb0 points into unknown readable memory: 0x0000002800000080 | 80 00 00 00 28 00 00 00
R8 =0x0000000000000004 is an unknown value
R9 =0x0000000000000004 is an unknown value
R10=0x00007fffef410cc0 jvm.dll
R11={method} {0x000002ae91ce0290} 'invokeVirtual' '(Ljava/lang/Object;Ljava/lang/Object;Ljava/lang/Object;Ljava/lang/Object;)Ljava/lang/Object;' in 'java/lang/invoke/LambdaForm$DMH+0x000000000b3dc000'
R12=0x0 is null
R13=0xfffffffffffffff7 is an unknown value
R14=0x000000cfcd9fc538 is pointing into the stack for thread: 0x000002ae97749fa0
R15=0x000002ae97749fa0 is a thread

Top of Stack: (sp=0x000000cfcd9fc4a0)
0x000000cfcd9fc4a0:   000002ae87539727 000000070c02c830
0x000000cfcd9fc4b0:   000000070c02c818 000000070aae4730
0x000000cfcd9fc4c0:   fffffffffffffff7 000002ae91ce0276
0x000000cfcd9fc4d0:   0000000000000006 000002ae91ce0430
0x000000cfcd9fc4e0:   000002ae91ce0648 00000007ffebc8a8
0x000000cfcd9fc4f0:   000002ae91ce0288 0000000000000000
0x000000cfcd9fc500:   000000cfcd9fc540 000000cfcd9fc5a8
0x000000cfcd9fc510:   000002ae87539727 000000070c02c8d0
0x000000cfcd9fc520:   000000070c02c830 000000070c02c818
0x000000cfcd9fc530:   000000070aae4730 000000070c02c8a8
0x000000cfcd9fc540:   000000070f0e9fa8 000000070f0ef928
0x000000cfcd9fc550:   000000070aae4730 000000070c0c8060
0x000000cfcd9fc560:   fffffffffffffff7 000002ae92311b01
0x000000cfcd9fc570:   000000000000000c 000002ae92311d18
0x000000cfcd9fc580:   0000000000000000 000000070b6cc360
0x000000cfcd9fc590:   000002ae92311b10 fffffffffffffff3
0x000000cfcd9fc5a0:   000000cfcd9fc610 000000cfcd9fc8b8
0x000000cfcd9fc5b0:   000002ae809361d3 000000070c02c8a8
0x000000cfcd9fc5c0:   000000070aae4730 000000070c02c980
0x000000cfcd9fc5d0:   000000070c02c818 000000070c02c958
0x000000cfcd9fc5e0:   000000070c02c830 000000070c02c930
0x000000cfcd9fc5f0:   000000070c02c830 000000070c02c818
0x000000cfcd9fc600:   000000070aae4730 000000070c02c900
0x000000cfcd9fc610:   000000070c0c81d0 000000070a8d3a70
0x000000cfcd9fc620:   000002ae98b0a248 00007fff0ab54418
0x000000cfcd9fc630:   000002ae8fb74f38 000002ae924a0848
0x000000cfcd9fc640:   000000cfcd9fc1a0 000000cf00000001
0x000000cfcd9fc650:   000000cfcd9fc8b8 000002ae8090d984
0x000000cfcd9fc660:   000002ae87ff5970 0000000092a63740
0x000000cfcd9fc670:   000000cfcd9fbda0 0000000000000c00
0x000000cfcd9fc680:   0000000000000000 0000000000000000
0x000000cfcd9fc690:   0000000000000000 0000000000000000 

Instructions: (pc=0x000002ae87554c88)
0x000002ae87554b88:   ff d0 48 83 c4 20 ff e0 49 83 7f 08 00 0f 84 05
0x000002ae87554b98:   00 00 00 e9 60 c3 fd ff 4c 8b 6d c0 4c 8b 75 c8
0x000002ae87554ba8:   4e 8d 74 f5 00 c3 48 8b 4d d0 41 0f b7 55 01 48
0x000002ae87554bb8:   8b 49 30 6b d2 18 48 8d 4c 11 08 48 8b 19 48 8b
0x000002ae87554bc8:   5b 08 48 8b 5b 08 48 8b 5b 18 80 bb 20 01 00 00
0x000002ae87554bd8:   05 0f 84 0d 00 00 00 4c 3b bb 30 01 00 00 0f 85
0x000002ae87554be8:   63 fe ff ff 0f b6 51 15 48 8b 19 4c 89 6d c0 44
0x000002ae87554bf8:   8b ea 0f b6 51 14 49 ba c0 0c 41 ef ff 7f 00 00
0x000002ae87554c08:   49 8b 14 d2 52 41 8b d5 4c 8b 6d c0 48 8b 45 d8
0x000002ae87554c18:   48 85 c0 0f 84 12 00 00 00 48 83 40 08 01 48 83
0x000002ae87554c28:   58 08 00 48 83 c0 10 48 89 45 d8 48 8b 45 d8 48
0x000002ae87554c38:   85 c0 0f 84 23 01 00 00 80 78 f0 0a 0f 85 19 01
0x000002ae87554c48:   00 00 48 83 c0 08 4c 8b 68 f8 41 83 ed 00 41 83
0x000002ae87554c58:   fd 02 0f 8c f8 00 00 00 4c 8b 6b 08 45 0f b7 6d
0x000002ae87554c68:   2e 4c 2b 28 41 83 ed 01 4e 8b 6c ec 08 4d 85 ed
0x000002ae87554c78:   75 0e f6 40 08 01 75 4b f0 48 83 48 08 01 eb 43
0x000002ae87554c88:   45 8b 6d 08 4d 8b d5 4c 33 68 08 49 f7 c5 fc ff
0x000002ae87554c98:   ff ff 74 2f 41 f6 c5 02 75 29 48 83 78 08 00 74
0x000002ae87554ca8:   1e 48 83 78 08 01 74 17 4d 8b ea 4c 33 68 08 49
0x000002ae87554cb8:   f7 c5 fc ff ff ff 74 0b 48 83 48 08 02 eb 04 4c
0x000002ae87554cc8:   89 68 08 48 83 c0 10 4c 8b 68 e8 41 83 ed 02 41
0x000002ae87554cd8:   83 fd 02 0f 8c 77 00 00 00 4c 8b 6b 08 45 0f b7
0x000002ae87554ce8:   6d 2e 4c 2b 28 41 83 ed 01 4e 8b 6c ec 08 4d 85
0x000002ae87554cf8:   ed 75 0e f6 40 08 01 75 4b f0 48 83 48 08 01 eb
0x000002ae87554d08:   43 45 8b 6d 08 4d 8b d5 4c 33 68 08 49 f7 c5 fc
0x000002ae87554d18:   ff ff ff 74 2f 41 f6 c5 02 75 29 48 83 78 08 00
0x000002ae87554d28:   74 1e 48 83 78 08 01 74 17 4d 8b ea 4c 33 68 08
0x000002ae87554d38:   49 f7 c5 fc ff ff ff 74 0b 48 83 48 08 02 eb 04
0x000002ae87554d48:   4c 89 68 08 48 83 c0 10 4c 8b 68 d8 41 83 ed 04
0x000002ae87554d58:   41 c1 e5 03 49 03 c5 48 89 45 d8 4c 8d 6c 24 08
0x000002ae87554d68:   49 8b cd 48 2b cd 48 c1 f9 03 48 89 4d f0 41 80
0x000002ae87554d78:   bf e8 05 00 00 00 74 03 ff 63 38 ff 63 50 66 90 


Stack slot to memory mapping:

stack at sp + 0 slots: 0x000002ae87539727 is at code_begin+4775 in an Interpreter codelet
return entry points  [0x000002ae87538480, 0x000002ae8753a640]  8640 bytes
stack at sp + 1 slots: 0x000000070c02c830 is an oop: org.springframework.validation.support.BindingAwareModelMap 
{0x000000070c02c830} - klass: 'org/springframework/validation/support/BindingAwareModelMap'
 - ---- fields (total size 8 words):
 - transient 'keySet' 'Ljava/util/Set;' @12  null (0x00000000)
 - transient 'values' 'Ljava/util/Collection;' @16  null (0x00000000)
 - transient 'size' 'I' @20  1 (0x00000001)
 - transient 'modCount' 'I' @24  1 (0x00000001)
 - 'threshold' 'I' @28  12 (0x0000000c)
 - final 'loadFactor' 'F' @32  0.750000 (0x3f400000)
 - transient 'table' '[Ljava/util/HashMap$Node;' @36  a 'java/util/HashMap$Node'[16] {0x000000070c1330d8} (0xe182661b)
 - transient 'entrySet' 'Ljava/util/Set;' @40  null (0x00000000)
 - transient 'putMode' 'I' @44  0 (0x00000000)
 - final 'accessOrder' 'Z' @48  false (0x00)
 - transient 'head' 'Ljava/util/LinkedHashMap$Entry;' @52  a 'java/util/LinkedHashMap$Entry'{0x000000070c133128} (0xe1826625)
 - transient 'tail' 'Ljava/util/LinkedHashMap$Entry;' @56  a 'java/util/LinkedHashMap$Entry'{0x000000070c133128} (0xe1826625)
stack at sp + 2 slots: 0x000000070c02c818 is an oop: com.frontend.train_booking_frontend_customer.dtos.BookingRequest 
{0x000000070c02c818} - klass: 'com/frontend/train_booking_frontend_customer/dtos/BookingRequest'
 - ---- fields (total size 3 words):
 - private 'booking' 'Lcom/frontend/train_booking_frontend_customer/models/Booking;' @12  a 'com/frontend/train_booking_frontend_customer/models/Booking'{0x000000070c02c7e0} (0xe18058fc)
 - private 'tickets' 'Ljava/util/List;' @16  a 'java/util/ArrayList'{0x000000070c02c870} (0xe180590e)
stack at sp + 3 slots: 0x000000070aae4730 is an oop: com.frontend.train_booking_frontend_customer.controllers.BookingController 
{0x000000070aae4730} - klass: 'com/frontend/train_booking_frontend_customer/controllers/BookingController'
 - ---- fields (total size 3 words):
 - private 'bookingService' 'Lcom/frontend/train_booking_frontend_customer/services/IBookingService;' @12  a 'com/frontend/train_booking_frontend_customer/services/impl/BookingService'{0x000000070aa5dd60} (0xe154bbac)
 - private 'userService' 'Lcom/frontend/train_booking_frontend_customer/services/IUserService;' @16  a 'com/frontend/train_booking_frontend_customer/services/impl/UserService'{0x000000070aae4088} (0xe155c811)
 - private 'ticketService' 'Lcom/frontend/train_booking_frontend_customer/services/ITicketService;' @20  a 'com/frontend/train_booking_frontend_customer/services/impl/TicketService'{0x000000070aae46a0} (0xe155c8d4)
stack at sp + 4 slots: 0xfffffffffffffff7 is an unknown value
stack at sp + 5 slots: 0x000002ae91ce0276 is pointing into metadata
stack at sp + 6 slots: 0x0000000000000006 is an unknown value
stack at sp + 7 slots: 0x000002ae91ce0430 is pointing into metadata

invokestatic  184 invokestatic  [0x000002ae87554a00, 0x000002ae87554d88]  904 bytes
[MachCode]
  0x000002ae87554a00: 4883 ec08 | c5fa 1104 | 24eb 1f48 | 83ec 10c5 | fb11 0424 | eb14 4883 | ec10 4889 | 0424 48c7 
  0x000002ae87554a20: 4424 0800 | 0000 00eb | 0150 488b | 4dd0 410f | b755 0148 | 8b49 306b | d218 488d | 4c11 080f 
  0x000002ae87554a40: b659 1681 | fbb8 0000 | 000f 8474 | 0100 00bb | b800 0000 | e805 0000 | 00e9 5001 | 0000 488b 
  0x000002ae87554a60: d348 8d44 | 2408 4c89 | 6dc0 498b | cfc5 f877 | 4989 afb0 | 0300 0049 | 8987 a003 | 0000 4883 
  0x000002ae87554a80: ec20 40f6 | c40f 0f84 | 1900 0000 | 4883 ec08 | 48b8 103a | b0ee ff7f | 0000 ffd0 | 4883 c408 
  0x000002ae87554aa0: e90c 0000 | 0048 b810 | 3ab0 eeff | 7f00 00ff | d048 83c4 | 2049 c787 | a003 0000 | 0000 0000 
  0x000002ae87554ac0: 49c7 87b0 | 0300 0000 | 0000 0049 | c787 a803 | 0000 0000 | 0000 c5f8 | 7741 8b8f | 3405 0000 
  0x000002ae87554ae0: f6c1 010f | 8442 0000 | 00f6 c102 | 0f85 3900 | 0000 4883 | ec20 40f6 | c40f 0f84 | 1900 0000 
  0x000002ae87554b00: 4883 ec08 | 48b8 10e4 | afee ff7f | 0000 ffd0 | 4883 c408 | e90c 0000 | 0048 b810 | e4af eeff 
  0x000002ae87554b20: 7f00 00ff | d048 83c4 | 20ff e049 | 8b8f e005 | 0000 4885 | c90f 8455 | 0000 008b | 899c 0000 
  0x000002ae87554b40: 0083 f901 | 0f85 4600 | 0000 498b | 8fe0 0500 | 008b 89a0 | 0000 0048 | 83ec 2040 | f6c4 0f0f 
  0x000002ae87554b60: 8419 0000 | 0048 83ec | 0848 b800 | e4af eeff | 7f00 00ff | d048 83c4 | 08e9 0c00 | 0000 48b8 
  0x000002ae87554b80: 00e4 afee | ff7f 0000 | ffd0 4883 | c420 ffe0 | 4983 7f08 | 000f 8405 | 0000 00e9 | 60c3 fdff 
  0x000002ae87554ba0: 4c8b 6dc0 | 4c8b 75c8 | 4e8d 74f5 | 00c3 488b | 4dd0 410f | b755 0148 | 8b49 306b | d218 488d 
  0x000002ae87554bc0: 4c11 0848 | 8b19 488b | 5b08 488b | 5b08 488b | 5b18 80bb | 2001 0000 | 050f 840d | 0000 004c 
  0x000002ae87554be0: 3bbb 3001 | 0000 0f85 | 63fe ffff | 0fb6 5115 | 488b 194c | 896d c044 | 8bea 0fb6 | 5114 49ba 
  0x000002ae87554c00: c00c 41ef | ff7f 0000 | 498b 14d2 | 5241 8bd5 | 4c8b 6dc0 | 488b 45d8 | 4885 c00f | 8412 0000 
  0x000002ae87554c20: 0048 8340 | 0801 4883 | 5808 0048 | 83c0 1048 | 8945 d848 | 8b45 d848 | 85c0 0f84 | 2301 0000 
  0x000002ae87554c40: 8078 f00a | 0f85 1901 | 0000 4883 | c008 4c8b | 68f8 4183 | ed00 4183 | fd02 0f8c | f800 0000 
  0x000002ae87554c60: 4c8b 6b08 | 450f b76d | 2e4c 2b28 | 4183 ed01 | 4e8b 6cec | 084d 85ed | 750e f640 | 0801 754b 
  0x000002ae87554c80: f048 8348 | 0801 eb43 | 458b 6d08 | 4d8b d54c | 3368 0849 | f7c5 fcff | ffff 742f | 41f6 c502 
  0x000002ae87554ca0: 7529 4883 | 7808 0074 | 1e48 8378 | 0801 7417 | 4d8b ea4c | 3368 0849 | f7c5 fcff | ffff 740b 
  0x000002ae87554cc0: 4883 4808 | 02eb 044c | 8968 0848 | 83c0 104c | 8b68 e841 | 83ed 0241 | 83fd 020f | 8c77 0000 
  0x000002ae87554ce0: 004c 8b6b | 0845 0fb7 | 6d2e 4c2b | 2841 83ed | 014e 8b6c | ec08 4d85 | ed75 0ef6 | 4008 0175 
  0x000002ae87554d00: 4bf0 4883 | 4808 01eb | 4345 8b6d | 084d 8bd5 | 4c33 6808 | 49f7 c5fc | ffff ff74 | 2f41 f6c5 
  0x000002ae87554d20: 0275 2948 | 8378 0800 | 741e 4883 | 7808 0174 | 174d 8bea | 4c33 6808 | 49f7 c5fc | ffff ff74 
  0x000002ae87554d40: 0b48 8348 | 0802 eb04 | 4c89 6808 | 4883 c010 | 4c8b 68d8 | 4183 ed04 | 41c1 e503 | 4903 c548 
  0x000002ae87554d60: 8945 d84c | 8d6c 2408 | 498b cd48 | 2bcd 48c1 | f903 4889 | 4df0 4180 | bfe8 0500 | 0000 7403 
  0x000002ae87554d80: ff63 38ff | 6350 6690 
[/MachCode]

---------------  P R O C E S S  ---------------

Threads class SMR info:
_java_thread_list=0x000002ae96073630, length=31, elements={
0x000002ae940642f0, 0x000002ae94064f00, 0x000002ae94096d10, 0x000002ae94065b10,
0x000002ae940668d0, 0x000002ae940a0cc0, 0x000002ae94069560, 0x000002ae940c5ef0,
0x000002ae940a0630, 0x000002ae943e50e0, 0x000002ae9443b380, 0x000002ae944088c0,
0x000002ae940a1350, 0x000002ae9a78dda0, 0x000002ae9a78d710, 0x000002ae9a78e430,
0x000002ae9a78f150, 0x000002ae9a78fe70, 0x000002ae9a78c9f0, 0x000002ae97749fa0,
0x000002ae9774b350, 0x000002ae9774acc0, 0x000002ae9774c700, 0x000002ae9774d420,
0x000002ae9774cd90, 0x000002ae9774a630, 0x000002ae9774b9e0, 0x000002ae9774c070,
0x000002ae9a92ecc0, 0x000002ae9a92cbf0, 0x000002ae9a92bed0
}

Java Threads: ( => current thread )
  0x000002ae940642f0 JavaThread "Reference Handler"          daemon [_thread_blocked, id=19744, stack(0x000000cfcb700000,0x000000cfcb800000) (1024K)]
  0x000002ae94064f00 JavaThread "Finalizer"                  daemon [_thread_blocked, id=19072, stack(0x000000cfcb800000,0x000000cfcb900000) (1024K)]
  0x000002ae94096d10 JavaThread "Signal Dispatcher"          daemon [_thread_blocked, id=2784, stack(0x000000cfcb900000,0x000000cfcba00000) (1024K)]
  0x000002ae94065b10 JavaThread "Attach Listener"            daemon [_thread_blocked, id=11008, stack(0x000000cfcba00000,0x000000cfcbb00000) (1024K)]
  0x000002ae940668d0 JavaThread "Service Thread"             daemon [_thread_blocked, id=14016, stack(0x000000cfcbb00000,0x000000cfcbc00000) (1024K)]
  0x000002ae940a0cc0 JavaThread "Monitor Deflation Thread"   daemon [_thread_blocked, id=11604, stack(0x000000cfcbc00000,0x000000cfcbd00000) (1024K)]
  0x000002ae94069560 JavaThread "C2 CompilerThread0"         daemon [_thread_blocked, id=18656, stack(0x000000cfcbd00000,0x000000cfcbe00000) (1024K)]
  0x000002ae940c5ef0 JavaThread "C1 CompilerThread0"         daemon [_thread_blocked, id=5844, stack(0x000000cfcbe00000,0x000000cfcbf00000) (1024K)]
  0x000002ae940a0630 JavaThread "Common-Cleaner"             daemon [_thread_blocked, id=17740, stack(0x000000cfcbf00000,0x000000cfcc000000) (1024K)]
  0x000002ae943e50e0 JavaThread "JDWP Transport Listener: dt_socket" daemon [_thread_blocked, id=3816, stack(0x000000cfcc100000,0x000000cfcc200000) (1024K)]
  0x000002ae9443b380 JavaThread "JDWP Event Helper Thread"   daemon [_thread_blocked, id=7144, stack(0x000000cfcc200000,0x000000cfcc300000) (1024K)]
  0x000002ae944088c0 JavaThread "JDWP Command Reader"        daemon [_thread_in_native, id=16896, stack(0x000000cfcc300000,0x000000cfcc400000) (1024K)]
  0x000002ae940a1350 JavaThread "Notification Thread"        daemon [_thread_blocked, id=16900, stack(0x000000cfcc500000,0x000000cfcc600000) (1024K)]
  0x000002ae9a78dda0 JavaThread "Catalina-utility-1"                [_thread_blocked, id=17220, stack(0x000000cfcd100000,0x000000cfcd200000) (1024K)]
  0x000002ae9a78d710 JavaThread "Catalina-utility-2"                [_thread_blocked, id=19708, stack(0x000000cfcd400000,0x000000cfcd500000) (1024K)]
  0x000002ae9a78e430 JavaThread "container-0"                       [_thread_blocked, id=19860, stack(0x000000cfcd500000,0x000000cfcd600000) (1024K)]
  0x000002ae9a78f150 JavaThread "File Watcher"               daemon [_thread_blocked, id=1452, stack(0x000000cfcd600000,0x000000cfcd700000) (1024K)]
  0x000002ae9a78fe70 JavaThread "Live Reload Server"         daemon [_thread_in_native, id=1348, stack(0x000000cfcd800000,0x000000cfcd900000) (1024K)]
  0x000002ae9a78c9f0 JavaThread "http-nio-9222-exec-1"       daemon [_thread_blocked, id=13940, stack(0x000000cfcd700000,0x000000cfcd800000) (1024K)]
=>0x000002ae97749fa0 JavaThread "http-nio-9222-exec-2"       daemon [_thread_in_Java, id=11036, stack(0x000000cfcd900000,0x000000cfcda00000) (1024K)]
  0x000002ae9774b350 JavaThread "http-nio-9222-exec-3"       daemon [_thread_blocked, id=10568, stack(0x000000cfcda00000,0x000000cfcdb00000) (1024K)]
  0x000002ae9774acc0 JavaThread "http-nio-9222-exec-4"       daemon [_thread_blocked, id=9120, stack(0x000000cfcdb00000,0x000000cfcdc00000) (1024K)]
  0x000002ae9774c700 JavaThread "http-nio-9222-exec-5"       daemon [_thread_blocked, id=13764, stack(0x000000cfcdc00000,0x000000cfcdd00000) (1024K)]
  0x000002ae9774d420 JavaThread "http-nio-9222-exec-6"       daemon [_thread_blocked, id=12916, stack(0x000000cfcdd00000,0x000000cfcde00000) (1024K)]
  0x000002ae9774cd90 JavaThread "http-nio-9222-exec-7"       daemon [_thread_blocked, id=17308, stack(0x000000cfcde00000,0x000000cfcdf00000) (1024K)]
  0x000002ae9774a630 JavaThread "http-nio-9222-exec-8"       daemon [_thread_blocked, id=12928, stack(0x000000cfcdf00000,0x000000cfce000000) (1024K)]
  0x000002ae9774b9e0 JavaThread "http-nio-9222-exec-9"       daemon [_thread_blocked, id=16400, stack(0x000000cfce000000,0x000000cfce100000) (1024K)]
  0x000002ae9774c070 JavaThread "http-nio-9222-exec-10"      daemon [_thread_blocked, id=20428, stack(0x000000cfce100000,0x000000cfce200000) (1024K)]
  0x000002ae9a92ecc0 JavaThread "http-nio-9222-Poller"       daemon [_thread_in_native, id=10012, stack(0x000000cfce200000,0x000000cfce300000) (1024K)]
  0x000002ae9a92cbf0 JavaThread "http-nio-9222-Acceptor"     daemon [_thread_in_native, id=2328, stack(0x000000cfce300000,0x000000cfce400000) (1024K)]
  0x000002ae9a92bed0 JavaThread "DestroyJavaVM"                     [_thread_blocked, id=1108, stack(0x000000cfcaf00000,0x000000cfcb000000) (1024K)]
Total: 31

Other Threads:
  0x000002ae8fca0540 VMThread "VM Thread"                           [id=16380, stack(0x000000cfcb600000,0x000000cfcb700000) (1024K)]
  0x000002ae8fc51d70 WatcherThread "VM Periodic Task Thread"        [id=16968, stack(0x000000cfcb500000,0x000000cfcb600000) (1024K)]
  0x000002aef525d980 WorkerThread "GC Thread#0"                     [id=16604, stack(0x000000cfcb000000,0x000000cfcb100000) (1024K)]
  0x000002ae94fc8390 WorkerThread "GC Thread#1"                     [id=12964, stack(0x000000cfcc600000,0x000000cfcc700000) (1024K)]
  0x000002ae9593c3c0 WorkerThread "GC Thread#2"                     [id=19148, stack(0x000000cfcc700000,0x000000cfcc800000) (1024K)]
  0x000002ae9593c770 WorkerThread "GC Thread#3"                     [id=14384, stack(0x000000cfcc800000,0x000000cfcc900000) (1024K)]
  0x000002ae94feea60 WorkerThread "GC Thread#4"                     [id=15988, stack(0x000000cfcc900000,0x000000cfcca00000) (1024K)]
  0x000002ae9518db30 WorkerThread "GC Thread#5"                     [id=13184, stack(0x000000cfcca00000,0x000000cfccb00000) (1024K)]
  0x000002ae9521fe80 WorkerThread "GC Thread#6"                     [id=4228, stack(0x000000cfccb00000,0x000000cfccc00000) (1024K)]
  0x000002ae95562700 WorkerThread "GC Thread#7"                     [id=13392, stack(0x000000cfccc00000,0x000000cfccd00000) (1024K)]
  0x000002ae95baa9a0 WorkerThread "GC Thread#8"                     [id=2180, stack(0x000000cfccf00000,0x000000cfcd000000) (1024K)]
  0x000002ae95ae9b50 WorkerThread "GC Thread#9"                     [id=19420, stack(0x000000cfcd000000,0x000000cfcd100000) (1024K)]
  0x000002aef526f460 ConcurrentGCThread "G1 Main Marker"            [id=9500, stack(0x000000cfcb100000,0x000000cfcb200000) (1024K)]
  0x000002aef5272440 WorkerThread "G1 Conc#0"                       [id=19776, stack(0x000000cfcb200000,0x000000cfcb300000) (1024K)]
  0x000002ae96eaa8b0 WorkerThread "G1 Conc#1"                       [id=14656, stack(0x000000cfcd200000,0x000000cfcd300000) (1024K)]
  0x000002ae963361e0 WorkerThread "G1 Conc#2"                       [id=16148, stack(0x000000cfcd300000,0x000000cfcd400000) (1024K)]
  0x000002ae8fb1b4a0 ConcurrentGCThread "G1 Refine#0"               [id=18612, stack(0x000000cfcb300000,0x000000cfcb400000) (1024K)]
  0x000002ae8fb1dce0 ConcurrentGCThread "G1 Service"                [id=19084, stack(0x000000cfcb400000,0x000000cfcb500000) (1024K)]
Total: 18

Threads with active compile tasks:
Total: 0

VM state: not at safepoint (normal execution)

VM Mutex/Monitor currently owned by a thread: None

Heap address: 0x0000000709c00000, size: 3940 MB, Compressed Oops mode: Zero based, Oop shift amount: 3

CDS archive(s) not mapped
Compressed class space mapped at: 0x000000000b000000-0x000000004b000000, reserved size: 1073741824
Narrow klass base: 0x0000000000000000, Narrow klass shift: 0, Narrow klass range: 0x4b000000

GC Precious Log:
 CardTable entry size: 512
 Card Set container configuration: InlinePtr #cards 4 size 8 Array Of Cards #cards 16 size 48 Howl #buckets 8 coarsen threshold 3686 Howl Bitmap #cards 512 size 80 coarsen threshold 460 Card regions per heap region 1 cards per card region 4096
 CPUs: 12 total, 12 available
 Memory: 15754M
 Large Page Support: Disabled
 NUMA Support: Disabled
 Compressed Oops: Enabled (Zero based)
 Heap Region Size: 2M
 Heap Min Capacity: 8M
 Heap Initial Capacity: 248M
 Heap Max Capacity: 3940M
 Pre-touch: Disabled
 Parallel Workers: 10
 Concurrent Workers: 3
 Concurrent Refinement Workers: 10
 Periodic GC: Disabled

Heap:
 garbage-first heap   total reserved 4034560K, committed 102400K, used 40344K [0x0000000709c00000, 0x0000000800000000)
  region size 2048K, 6 young (12288K), 1 survivors (2048K)
 Metaspace       used 61645K, committed 62848K, reserved 1114112K
  class space    used 7174K, committed 7744K, reserved 1048576K

Heap Regions: E=young(eden), S=young(survivor), O=old, HS=humongous(starts), HC=humongous(continues), CS=collection set, F=free, TAMS=top-at-mark-start, PB=parsable bottom
|   0|0x0000000709c00000, 0x0000000709e00000, 0x0000000709e00000|100%| O|  |TAMS 0x0000000709c00000| PB 0x0000000709c00000| Untracked |  0
|   1|0x0000000709e00000, 0x000000070a000000, 0x000000070a000000|100%| O|  |TAMS 0x0000000709e00000| PB 0x0000000709e00000| Untracked |  0
|   2|0x000000070a000000, 0x000000070a000000, 0x000000070a200000|  0%| F|  |TAMS 0x000000070a000000| PB 0x000000070a000000| Untracked |  0
|   3|0x000000070a200000, 0x000000070a400000, 0x000000070a400000|100%| O|  |TAMS 0x000000070a200000| PB 0x000000070a200000| Untracked |  0
|   4|0x000000070a400000, 0x000000070a600000, 0x000000070a600000|100%| O|  |TAMS 0x000000070a400000| PB 0x000000070a400000| Untracked |  0
|   5|0x000000070a600000, 0x000000070a800000, 0x000000070a800000|100%| O|  |TAMS 0x000000070a600000| PB 0x000000070a600000| Untracked |  0
|   6|0x000000070a800000, 0x000000070aa00000, 0x000000070aa00000|100%| O|  |TAMS 0x000000070a800000| PB 0x000000070a800000| Untracked |  0
|   7|0x000000070aa00000, 0x000000070ac00000, 0x000000070ac00000|100%| O|  |TAMS 0x000000070aa00000| PB 0x000000070aa00000| Untracked |  0
|   8|0x000000070ac00000, 0x000000070adc3fe0, 0x000000070ae00000| 88%| O|  |TAMS 0x000000070ac00000| PB 0x000000070ac00000| Untracked |  0
|   9|0x000000070ae00000, 0x000000070b000000, 0x000000070b000000|100%| O|  |TAMS 0x000000070ae00000| PB 0x000000070ae00000| Untracked |  0
|  10|0x000000070b000000, 0x000000070b200000, 0x000000070b200000|100%| O|  |TAMS 0x000000070b000000| PB 0x000000070b000000| Untracked |  0
|  11|0x000000070b200000, 0x000000070b400000, 0x000000070b400000|100%| O|  |TAMS 0x000000070b200000| PB 0x000000070b200000| Untracked |  0
|  12|0x000000070b400000, 0x000000070b600000, 0x000000070b600000|100%| O|  |TAMS 0x000000070b400000| PB 0x000000070b400000| Untracked |  0
|  13|0x000000070b600000, 0x000000070b800000, 0x000000070b800000|100%| O|  |TAMS 0x000000070b600000| PB 0x000000070b600000| Untracked |  0
|  14|0x000000070b800000, 0x000000070b800000, 0x000000070ba00000|  0%| F|  |TAMS 0x000000070b800000| PB 0x000000070b800000| Untracked |  0
|  15|0x000000070ba00000, 0x000000070ba00000, 0x000000070bc00000|  0%| F|  |TAMS 0x000000070ba00000| PB 0x000000070ba00000| Untracked |  0
|  16|0x000000070bc00000, 0x000000070bc00000, 0x000000070be00000|  0%| F|  |TAMS 0x000000070bc00000| PB 0x000000070bc00000| Untracked |  0
|  17|0x000000070be00000, 0x000000070be00000, 0x000000070c000000|  0%| F|  |TAMS 0x000000070be00000| PB 0x000000070be00000| Untracked |  0
|  18|0x000000070c000000, 0x000000070c1a23a0, 0x000000070c200000| 81%| S|CS|TAMS 0x000000070c000000| PB 0x000000070c000000| Complete |  0
|  19|0x000000070c200000, 0x000000070c200000, 0x000000070c400000|  0%| F|  |TAMS 0x000000070c200000| PB 0x000000070c200000| Untracked |  0
|  20|0x000000070c400000, 0x000000070c400000, 0x000000070c600000|  0%| F|  |TAMS 0x000000070c400000| PB 0x000000070c400000| Untracked |  0
|  21|0x000000070c600000, 0x000000070c600000, 0x000000070c800000|  0%| F|  |TAMS 0x000000070c600000| PB 0x000000070c600000| Untracked |  0
|  22|0x000000070c800000, 0x000000070c800000, 0x000000070ca00000|  0%| F|  |TAMS 0x000000070c800000| PB 0x000000070c800000| Untracked |  0
|  23|0x000000070ca00000, 0x000000070ca00000, 0x000000070cc00000|  0%| F|  |TAMS 0x000000070ca00000| PB 0x000000070ca00000| Untracked |  0
|  24|0x000000070cc00000, 0x000000070cc00000, 0x000000070ce00000|  0%| F|  |TAMS 0x000000070cc00000| PB 0x000000070cc00000| Untracked |  0
|  25|0x000000070ce00000, 0x000000070ce00000, 0x000000070d000000|  0%| F|  |TAMS 0x000000070ce00000| PB 0x000000070ce00000| Untracked |  0
|  26|0x000000070d000000, 0x000000070d000000, 0x000000070d200000|  0%| F|  |TAMS 0x000000070d000000| PB 0x000000070d000000| Untracked |  0
|  27|0x000000070d200000, 0x000000070d200000, 0x000000070d400000|  0%| F|  |TAMS 0x000000070d200000| PB 0x000000070d200000| Untracked |  0
|  28|0x000000070d400000, 0x000000070d400000, 0x000000070d600000|  0%| F|  |TAMS 0x000000070d400000| PB 0x000000070d400000| Untracked |  0
|  29|0x000000070d600000, 0x000000070d600000, 0x000000070d800000|  0%| F|  |TAMS 0x000000070d600000| PB 0x000000070d600000| Untracked |  0
|  30|0x000000070d800000, 0x000000070d800000, 0x000000070da00000|  0%| F|  |TAMS 0x000000070d800000| PB 0x000000070d800000| Untracked |  0
|  31|0x000000070da00000, 0x000000070da00000, 0x000000070dc00000|  0%| F|  |TAMS 0x000000070da00000| PB 0x000000070da00000| Untracked |  0
|  32|0x000000070dc00000, 0x000000070dc00000, 0x000000070de00000|  0%| F|  |TAMS 0x000000070dc00000| PB 0x000000070dc00000| Untracked |  0
|  33|0x000000070de00000, 0x000000070de00000, 0x000000070e000000|  0%| F|  |TAMS 0x000000070de00000| PB 0x000000070de00000| Untracked |  0
|  34|0x000000070e000000, 0x000000070e000000, 0x000000070e200000|  0%| F|  |TAMS 0x000000070e000000| PB 0x000000070e000000| Untracked |  0
|  35|0x000000070e200000, 0x000000070e200000, 0x000000070e400000|  0%| F|  |TAMS 0x000000070e200000| PB 0x000000070e200000| Untracked |  0
|  36|0x000000070e400000, 0x000000070e400000, 0x000000070e600000|  0%| F|  |TAMS 0x000000070e400000| PB 0x000000070e400000| Untracked |  0
|  37|0x000000070e600000, 0x000000070e600000, 0x000000070e800000|  0%| F|  |TAMS 0x000000070e600000| PB 0x000000070e600000| Untracked |  0
|  38|0x000000070e800000, 0x000000070e800000, 0x000000070ea00000|  0%| F|  |TAMS 0x000000070e800000| PB 0x000000070e800000| Untracked |  0
|  39|0x000000070ea00000, 0x000000070ea00000, 0x000000070ec00000|  0%| F|  |TAMS 0x000000070ea00000| PB 0x000000070ea00000| Untracked |  0
|  40|0x000000070ec00000, 0x000000070ec00000, 0x000000070ee00000|  0%| F|  |TAMS 0x000000070ec00000| PB 0x000000070ec00000| Untracked |  0
|  41|0x000000070ee00000, 0x000000070ee00000, 0x000000070f000000|  0%| F|  |TAMS 0x000000070ee00000| PB 0x000000070ee00000| Untracked |  0
|  42|0x000000070f000000, 0x000000070f000000, 0x000000070f200000|  0%| F|  |TAMS 0x000000070f000000| PB 0x000000070f000000| Untracked |  0
|  61|0x0000000711600000, 0x0000000711800000, 0x0000000711800000|100%| E|  |TAMS 0x0000000711600000| PB 0x0000000711600000| Complete |  0
|  62|0x0000000711800000, 0x0000000711a00000, 0x0000000711a00000|100%| E|CS|TAMS 0x0000000711800000| PB 0x0000000711800000| Complete |  0
|  63|0x0000000711a00000, 0x0000000711c00000, 0x0000000711c00000|100%| E|CS|TAMS 0x0000000711a00000| PB 0x0000000711a00000| Complete |  0
|  64|0x0000000711c00000, 0x0000000711e00000, 0x0000000711e00000|100%| E|CS|TAMS 0x0000000711c00000| PB 0x0000000711c00000| Complete |  0
| 123|0x0000000719200000, 0x0000000719400000, 0x0000000719400000|100%| E|CS|TAMS 0x0000000719200000| PB 0x0000000719200000| Complete |  0
|1968|0x00000007ffc00000, 0x00000007ffe00000, 0x00000007ffe00000|100%| O|  |TAMS 0x00000007ffc00000| PB 0x00000007ffc00000| Untracked |  0
|1969|0x00000007ffe00000, 0x0000000800000000, 0x0000000800000000|100%| O|  |TAMS 0x00000007ffe00000| PB 0x00000007ffe00000| Untracked |  0

Card table byte_map: [0x000002aef99f0000,0x000002aefa1b0000] _byte_map_base: 0x000002aef61a2000

Marking Bits: (CMBitMap*) 0x000002aef525e090
 Bits: [0x000002aefa1b0000, 0x000002aefdf40000)

Polling page: 0x000002aef3120000

Metaspace:

Usage:
  Non-class:     53.19 MB used.
      Class:      7.01 MB used.
       Both:     60.20 MB used.

Virtual space:
  Non-class space:       64.00 MB reserved,      53.81 MB ( 84%) committed,  1 nodes.
      Class space:        1.00 GB reserved,       7.56 MB ( <1%) committed,  1 nodes.
             Both:        1.06 GB reserved,      61.38 MB (  6%) committed. 

Chunk freelists:
   Non-Class:  9.80 MB
       Class:  8.50 MB
        Both:  18.30 MB

MaxMetaspaceSize: unlimited
CompressedClassSpaceSize: 1.00 GB
Initial GC threshold: 21.00 MB
Current GC threshold: 102.31 MB
CDS: off
 - commit_granule_bytes: 65536.
 - commit_granule_words: 8192.
 - virtual_space_node_default_size: 8388608.
 - enlarge_chunks_in_place: 1.
 - use_allocation_guard: 0.


Internal statistics:

num_allocs_failed_limit: 11.
num_arena_births: 1686.
num_arena_deaths: 0.
num_vsnodes_births: 2.
num_vsnodes_deaths: 0.
num_space_committed: 982.
num_space_uncommitted: 0.
num_chunks_returned_to_freelist: 11.
num_chunks_taken_from_freelist: 3631.
num_chunk_merges: 6.
num_chunk_splits: 2498.
num_chunks_enlarged: 1716.
num_inconsistent_stats: 0.

CodeHeap 'non-profiled nmethods': size=120000Kb used=4643Kb max_used=6267Kb free=115356Kb
 bounds [0x000002ae87ad0000, 0x000002ae880f0000, 0x000002ae8f000000]
CodeHeap 'profiled nmethods': size=120000Kb used=15676Kb max_used=18767Kb free=104324Kb
 bounds [0x000002ae80000000, 0x000002ae81260000, 0x000002ae87530000]
CodeHeap 'non-nmethods': size=5760Kb used=2853Kb max_used=2925Kb free=2906Kb
 bounds [0x000002ae87530000, 0x000002ae87820000, 0x000002ae87ad0000]
 total_blobs=7929 nmethods=7021 adapters=812
 compilation: enabled
              stopped_count=0, restarted_count=0
 full_count=0

Compilation events (20 events):
Event: 467.249 Thread 0x000002ae940c5ef0 nmethod 9029 0x000002ae8016cb10 code [0x000002ae8016cce0, 0x000002ae8016d168]
Event: 467.277 Thread 0x000002ae940c5ef0 9030       3       org.springframework.web.servlet.DispatcherServlet::getHandler (58 bytes)
Event: 467.277 Thread 0x000002ae940c5ef0 nmethod 9030 0x000002ae80554c10 code [0x000002ae80554e20, 0x000002ae80555468]
Event: 467.278 Thread 0x000002ae940c5ef0 9031       3       org.apache.catalina.core.ApplicationHttpRequest::removeAttribute (19 bytes)
Event: 467.278 Thread 0x000002ae940c5ef0 nmethod 9031 0x000002ae802fed10 code [0x000002ae802feee0, 0x000002ae802ff248]
Event: 467.278 Thread 0x000002ae940c5ef0 9032       3       org.springframework.web.servlet.DispatcherServlet::getHandlerAdapter (65 bytes)
Event: 467.279 Thread 0x000002ae940c5ef0 nmethod 9032 0x000002ae800a5310 code [0x000002ae800a5540, 0x000002ae800a5c58]
Event: 467.279 Thread 0x000002ae940c5ef0 9033       3       org.springframework.web.servlet.DispatcherServlet::processDispatchResult (165 bytes)
Event: 467.280 Thread 0x000002ae940c5ef0 nmethod 9033 0x000002ae80460390 code [0x000002ae80460680, 0x000002ae804617c0]
Event: 467.613 Thread 0x000002ae94069560 nmethod 8987 0x000002ae87b7ef10 code [0x000002ae87b7f9a0, 0x000002ae87b88368]
Event: 482.913 Thread 0x000002ae940c5ef0 9034       3       java.util.TreeMap::rotateRight (96 bytes)
Event: 482.914 Thread 0x000002ae940c5ef0 nmethod 9034 0x000002ae8019b990 code [0x000002ae8019bb60, 0x000002ae8019c0b0]
Event: 486.252 Thread 0x000002ae940c5ef0 9035       3       org.springframework.web.servlet.HandlerExecutionChain::applyPreHandle (68 bytes)
Event: 486.253 Thread 0x000002ae940c5ef0 nmethod 9035 0x000002ae805f3390 code [0x000002ae805f35a0, 0x000002ae805f3ba0]
Event: 486.253 Thread 0x000002ae940c5ef0 9036       3       com.fasterxml.jackson.core.JsonStreamContext::inObject (14 bytes)
Event: 486.253 Thread 0x000002ae940c5ef0 nmethod 9036 0x000002ae80103210 code [0x000002ae801033a0, 0x000002ae80103500]
Event: 515.047 Thread 0x000002ae94069560 9037       4       java.util.HashSet::size (8 bytes)
Event: 515.048 Thread 0x000002ae94069560 nmethod 9037 0x000002ae87b05910 code [0x000002ae87b05a80, 0x000002ae87b05b18]
Event: 532.025 Thread 0x000002ae940c5ef0 9038       3       java.util.LinkedHashMap$LinkedKeySet::contains (9 bytes)
Event: 532.025 Thread 0x000002ae940c5ef0 nmethod 9038 0x000002ae8023fa90 code [0x000002ae8023fc40, 0x000002ae8023fe20]

GC Heap History (20 events):
Event: 149.485 GC heap before
{Heap before GC invocations=26 (full 0):
 garbage-first heap   total reserved 4034560K, committed 83968K, used 73647K [0x0000000709c00000, 0x0000000800000000)
  region size 2048K, 21 young (43008K), 1 survivors (2048K)
 Metaspace       used 61410K, committed 62528K, reserved 1114112K
  class space    used 7169K, committed 7680K, reserved 1048576K
}
Event: 149.487 GC heap after
{Heap after GC invocations=27 (full 0):
 garbage-first heap   total reserved 4034560K, committed 102400K, used 32811K [0x0000000709c00000, 0x0000000800000000)
  region size 2048K, 1 young (2048K), 1 survivors (2048K)
 Metaspace       used 61410K, committed 62528K, reserved 1114112K
  class space    used 7169K, committed 7680K, reserved 1048576K
}
Event: 194.503 GC heap before
{Heap before GC invocations=27 (full 0):
 garbage-first heap   total reserved 4034560K, committed 102400K, used 92203K [0x0000000709c00000, 0x0000000800000000)
  region size 2048K, 30 young (61440K), 1 survivors (2048K)
 Metaspace       used 61411K, committed 62528K, reserved 1114112K
  class space    used 7169K, committed 7680K, reserved 1048576K
}
Event: 194.506 GC heap after
{Heap after GC invocations=28 (full 0):
 garbage-first heap   total reserved 4034560K, committed 102400K, used 32472K [0x0000000709c00000, 0x0000000800000000)
  region size 2048K, 1 young (2048K), 1 survivors (2048K)
 Metaspace       used 61411K, committed 62528K, reserved 1114112K
  class space    used 7169K, committed 7680K, reserved 1048576K
}
Event: 239.949 GC heap before
{Heap before GC invocations=28 (full 0):
 garbage-first heap   total reserved 4034560K, committed 102400K, used 91864K [0x0000000709c00000, 0x0000000800000000)
  region size 2048K, 30 young (61440K), 1 survivors (2048K)
 Metaspace       used 61422K, committed 62528K, reserved 1114112K
  class space    used 7169K, committed 7680K, reserved 1048576K
}
Event: 239.950 GC heap after
{Heap after GC invocations=29 (full 0):
 garbage-first heap   total reserved 4034560K, committed 102400K, used 32163K [0x0000000709c00000, 0x0000000800000000)
  region size 2048K, 1 young (2048K), 1 survivors (2048K)
 Metaspace       used 61422K, committed 62528K, reserved 1114112K
  class space    used 7169K, committed 7680K, reserved 1048576K
}
Event: 284.753 GC heap before
{Heap before GC invocations=30 (full 0):
 garbage-first heap   total reserved 4034560K, committed 102400K, used 91555K [0x0000000709c00000, 0x0000000800000000)
  region size 2048K, 30 young (61440K), 1 survivors (2048K)
 Metaspace       used 61428K, committed 62528K, reserved 1114112K
  class space    used 7169K, committed 7680K, reserved 1048576K
}
Event: 284.754 GC heap after
{Heap after GC invocations=31 (full 0):
 garbage-first heap   total reserved 4034560K, committed 102400K, used 32371K [0x0000000709c00000, 0x0000000800000000)
  region size 2048K, 1 young (2048K), 1 survivors (2048K)
 Metaspace       used 61428K, committed 62528K, reserved 1114112K
  class space    used 7169K, committed 7680K, reserved 1048576K
}
Event: 329.917 GC heap before
{Heap before GC invocations=31 (full 0):
 garbage-first heap   total reserved 4034560K, committed 102400K, used 91763K [0x0000000709c00000, 0x0000000800000000)
  region size 2048K, 30 young (61440K), 1 survivors (2048K)
 Metaspace       used 61441K, committed 62592K, reserved 1114112K
  class space    used 7169K, committed 7680K, reserved 1048576K
}
Event: 329.919 GC heap after
{Heap after GC invocations=32 (full 0):
 garbage-first heap   total reserved 4034560K, committed 102400K, used 32103K [0x0000000709c00000, 0x0000000800000000)
  region size 2048K, 1 young (2048K), 1 survivors (2048K)
 Metaspace       used 61441K, committed 62592K, reserved 1114112K
  class space    used 7169K, committed 7680K, reserved 1048576K
}
Event: 375.185 GC heap before
{Heap before GC invocations=32 (full 0):
 garbage-first heap   total reserved 4034560K, committed 102400K, used 91495K [0x0000000709c00000, 0x0000000800000000)
  region size 2048K, 30 young (61440K), 1 survivors (2048K)
 Metaspace       used 61441K, committed 62592K, reserved 1114112K
  class space    used 7169K, committed 7680K, reserved 1048576K
}
Event: 375.186 GC heap after
{Heap after GC invocations=33 (full 0):
 garbage-first heap   total reserved 4034560K, committed 102400K, used 31963K [0x0000000709c00000, 0x0000000800000000)
  region size 2048K, 1 young (2048K), 1 survivors (2048K)
 Metaspace       used 61441K, committed 62592K, reserved 1114112K
  class space    used 7169K, committed 7680K, reserved 1048576K
}
Event: 418.600 GC heap before
{Heap before GC invocations=34 (full 0):
 garbage-first heap   total reserved 4034560K, committed 102400K, used 91355K [0x0000000709c00000, 0x0000000800000000)
  region size 2048K, 30 young (61440K), 1 survivors (2048K)
 Metaspace       used 61455K, committed 62592K, reserved 1114112K
  class space    used 7172K, committed 7680K, reserved 1048576K
}
Event: 418.601 GC heap after
{Heap after GC invocations=35 (full 0):
 garbage-first heap   total reserved 4034560K, committed 102400K, used 32215K [0x0000000709c00000, 0x0000000800000000)
  region size 2048K, 1 young (2048K), 1 survivors (2048K)
 Metaspace       used 61455K, committed 62592K, reserved 1114112K
  class space    used 7172K, committed 7680K, reserved 1048576K
}
Event: 463.546 GC heap before
{Heap before GC invocations=35 (full 0):
 garbage-first heap   total reserved 4034560K, committed 102400K, used 91607K [0x0000000709c00000, 0x0000000800000000)
  region size 2048K, 30 young (61440K), 1 survivors (2048K)
 Metaspace       used 61455K, committed 62592K, reserved 1114112K
  class space    used 7172K, committed 7680K, reserved 1048576K
}
Event: 463.547 GC heap after
{Heap after GC invocations=36 (full 0):
 garbage-first heap   total reserved 4034560K, committed 102400K, used 32185K [0x0000000709c00000, 0x0000000800000000)
  region size 2048K, 1 young (2048K), 1 survivors (2048K)
 Metaspace       used 61455K, committed 62592K, reserved 1114112K
  class space    used 7172K, committed 7680K, reserved 1048576K
}
Event: 503.997 GC heap before
{Heap before GC invocations=36 (full 0):
 garbage-first heap   total reserved 4034560K, committed 102400K, used 91577K [0x0000000709c00000, 0x0000000800000000)
  region size 2048K, 30 young (61440K), 1 survivors (2048K)
 Metaspace       used 61635K, committed 62848K, reserved 1114112K
  class space    used 7173K, committed 7744K, reserved 1048576K
}
Event: 503.999 GC heap after
{Heap after GC invocations=37 (full 0):
 garbage-first heap   total reserved 4034560K, committed 102400K, used 31993K [0x0000000709c00000, 0x0000000800000000)
  region size 2048K, 1 young (2048K), 1 survivors (2048K)
 Metaspace       used 61635K, committed 62848K, reserved 1114112K
  class space    used 7173K, committed 7744K, reserved 1048576K
}
Event: 548.586 GC heap before
{Heap before GC invocations=38 (full 0):
 garbage-first heap   total reserved 4034560K, committed 102400K, used 91385K [0x0000000709c00000, 0x0000000800000000)
  region size 2048K, 30 young (61440K), 1 survivors (2048K)
 Metaspace       used 61636K, committed 62848K, reserved 1114112K
  class space    used 7173K, committed 7744K, reserved 1048576K
}
Event: 548.588 GC heap after
{Heap after GC invocations=39 (full 0):
 garbage-first heap   total reserved 4034560K, committed 102400K, used 32152K [0x0000000709c00000, 0x0000000800000000)
  region size 2048K, 1 young (2048K), 1 survivors (2048K)
 Metaspace       used 61636K, committed 62848K, reserved 1114112K
  class space    used 7173K, committed 7744K, reserved 1048576K
}

Dll operation events (13 events):
Event: 0.007 Loaded shared library C:\Users\MSI\.p2\pool\plugins\org.eclipse.justj.openjdk.hotspot.jre.full.win32.x86_64_22.0.2.v20240802-1626\jre\bin\java.dll
Event: 0.011 Loaded shared library C:\Users\MSI\.p2\pool\plugins\org.eclipse.justj.openjdk.hotspot.jre.full.win32.x86_64_22.0.2.v20240802-1626\jre\bin\zip.dll
Event: 0.216 Loaded shared library C:\Users\MSI\.p2\pool\plugins\org.eclipse.justj.openjdk.hotspot.jre.full.win32.x86_64_22.0.2.v20240802-1626\jre\bin\instrument.dll
Event: 0.223 Loaded shared library C:\Users\MSI\.p2\pool\plugins\org.eclipse.justj.openjdk.hotspot.jre.full.win32.x86_64_22.0.2.v20240802-1626\jre\bin\net.dll
Event: 0.224 Loaded shared library C:\Users\MSI\.p2\pool\plugins\org.eclipse.justj.openjdk.hotspot.jre.full.win32.x86_64_22.0.2.v20240802-1626\jre\bin\nio.dll
Event: 0.230 Loaded shared library C:\Users\MSI\.p2\pool\plugins\org.eclipse.justj.openjdk.hotspot.jre.full.win32.x86_64_22.0.2.v20240802-1626\jre\bin\zip.dll
Event: 0.331 Loaded shared library C:\Users\MSI\.p2\pool\plugins\org.eclipse.justj.openjdk.hotspot.jre.full.win32.x86_64_22.0.2.v20240802-1626\jre\bin\jimage.dll
Event: 0.369 Loaded shared library C:\Users\MSI\.p2\pool\plugins\org.eclipse.justj.openjdk.hotspot.jre.full.win32.x86_64_22.0.2.v20240802-1626\jre\bin\verify.dll
Event: 0.636 Loaded shared library C:\Users\MSI\.p2\pool\plugins\org.eclipse.justj.openjdk.hotspot.jre.full.win32.x86_64_22.0.2.v20240802-1626\jre\bin\management.dll
Event: 0.638 Loaded shared library C:\Users\MSI\.p2\pool\plugins\org.eclipse.justj.openjdk.hotspot.jre.full.win32.x86_64_22.0.2.v20240802-1626\jre\bin\management_ext.dll
Event: 0.994 Loaded shared library C:\Users\MSI\.p2\pool\plugins\org.eclipse.justj.openjdk.hotspot.jre.full.win32.x86_64_22.0.2.v20240802-1626\jre\bin\le.dll
Event: 1.462 Loaded shared library C:\Users\MSI\.p2\pool\plugins\org.eclipse.justj.openjdk.hotspot.jre.full.win32.x86_64_22.0.2.v20240802-1626\jre\bin\sunmscapi.dll
Event: 2.964 Loaded shared library C:\Users\MSI\.p2\pool\plugins\org.eclipse.justj.openjdk.hotspot.jre.full.win32.x86_64_22.0.2.v20240802-1626\jre\bin\extnet.dll

Deoptimization events (20 events):
Event: 467.162 Thread 0x000002ae9774d420 DEOPT PACKING pc=0x000002ae811fef74 sp=0x000000cfcddfcfd0
Event: 467.162 Thread 0x000002ae9774d420 DEOPT UNPACKING pc=0x000002ae87584e42 sp=0x000000cfcddfc620 mode 1
Event: 467.247 Thread 0x000002ae9774c700 DEOPT PACKING pc=0x000002ae80c6b594 sp=0x000000cfcdcfd080
Event: 467.247 Thread 0x000002ae9774c700 DEOPT UNPACKING pc=0x000002ae87584e42 sp=0x000000cfcdcfc5e0 mode 1
Event: 467.248 Thread 0x000002ae9774c700 DEOPT PACKING pc=0x000002ae8036a96c sp=0x000000cfcdcfd1d0
Event: 467.248 Thread 0x000002ae9774c700 DEOPT UNPACKING pc=0x000002ae87584e42 sp=0x000000cfcdcfc678 mode 1
Event: 467.248 Thread 0x000002ae9774c700 DEOPT PACKING pc=0x000002ae811fef74 sp=0x000000cfcdcfd230
Event: 467.248 Thread 0x000002ae9774c700 DEOPT UNPACKING pc=0x000002ae87584e42 sp=0x000000cfcdcfc880 mode 1
Event: 467.278 Thread 0x000002ae9774cd90 DEOPT PACKING pc=0x000002ae80c6b594 sp=0x000000cfcdefcf40
Event: 467.278 Thread 0x000002ae9774cd90 DEOPT UNPACKING pc=0x000002ae87584e42 sp=0x000000cfcdefc4a0 mode 1
Event: 467.278 Thread 0x000002ae9774cd90 DEOPT PACKING pc=0x000002ae8036a96c sp=0x000000cfcdefd090
Event: 467.278 Thread 0x000002ae9774cd90 DEOPT UNPACKING pc=0x000002ae87584e42 sp=0x000000cfcdefc538 mode 1
Event: 467.278 Thread 0x000002ae9774cd90 DEOPT PACKING pc=0x000002ae811fef74 sp=0x000000cfcdefd0f0
Event: 467.278 Thread 0x000002ae9774cd90 DEOPT UNPACKING pc=0x000002ae87584e42 sp=0x000000cfcdefc740 mode 1
Event: 555.375 Thread 0x000002ae97749fa0 DEOPT PACKING pc=0x000002ae80d243ec sp=0x000000cfcd9fc4c0
Event: 555.375 Thread 0x000002ae97749fa0 DEOPT UNPACKING pc=0x000002ae87584e42 sp=0x000000cfcd9fb968 mode 0
Event: 555.382 Thread 0x000002ae943e50e0 Uncommon trap: trap_request=0xffffff45 fr.pc=0x000002ae87e623e4 relative=0x00000000000002a4
Event: 555.382 Thread 0x000002ae943e50e0 Uncommon trap: reason=unstable_if action=reinterpret pc=0x000002ae87e623e4 method=sun.instrument.InstrumentationImpl.transform(Ljava/lang/Module;Ljava/lang/ClassLoader;Ljava/lang/String;Ljava/lang/Class;Ljava/security/ProtectionDomain;[BZ)[B @ 24 c2
Event: 555.382 Thread 0x000002ae943e50e0 DEOPT PACKING pc=0x000002ae87e623e4 sp=0x000000cfcc1fea60
Event: 555.382 Thread 0x000002ae943e50e0 DEOPT UNPACKING pc=0x000002ae875846a2 sp=0x000000cfcc1fea68 mode 2

Classes loaded (20 events):
Event: 29.243 Loading class sun/util/locale/provider/JavaTimeDateTimePatternImpl
Event: 29.243 Loading class sun/util/locale/provider/JavaTimeDateTimePatternImpl done
Event: 29.243 Loading class sun/util/resources/ParallelListResourceBundle
Event: 29.244 Loading class sun/util/resources/ParallelListResourceBundle done
Event: 29.268 Loading class java/util/stream/Streams$ConcatSpliterator$OfRef
Event: 29.268 Loading class java/util/stream/Streams$ConcatSpliterator
Event: 29.268 Loading class java/util/stream/Streams$ConcatSpliterator done
Event: 29.268 Loading class java/util/stream/Streams$ConcatSpliterator$OfRef done
Event: 29.268 Loading class java/util/stream/Streams$2
Event: 29.268 Loading class java/util/stream/Streams$2 done
Event: 29.369 Loading class java/time/DayOfWeek
Event: 29.369 Loading class java/time/DayOfWeek done
Event: 30.796 Loading class sun/nio/cs/Surrogate$Parser
Event: 30.796 Loading class sun/nio/cs/Surrogate$Parser done
Event: 30.796 Loading class sun/nio/cs/Surrogate
Event: 30.796 Loading class sun/nio/cs/Surrogate done
Event: 34.039 Loading class java/lang/StringEditor
Event: 34.039 Loading class java/lang/StringEditor done
Event: 76.797 Loading class sun/nio/cs/US_ASCII$Decoder
Event: 76.797 Loading class sun/nio/cs/US_ASCII$Decoder done

Classes unloaded (0 events):
No events

Classes redefined (1 events):
Event: 555.391 Thread 0x000002ae8fca0540 redefined class name=com.frontend.train_booking_frontend_customer.controllers.BookingController, count=1

Internal exceptions (20 events):
Event: 20.871 Thread 0x000002ae9774d420 Exception <a 'java/lang/ClassNotFoundException'{0x000000070d94e718}: java/util/Collections$UnmodifiableListBeanInfo> (0x000000070d94e718) 
thrown [s\src\hotspot\share\classfile\systemDictionary.cpp, line 313]
Event: 20.872 Thread 0x000002ae9774d420 Exception <a 'java/lang/ClassNotFoundException'{0x000000070d953018}: java/util/Collections$UnmodifiableListCustomizer> (0x000000070d953018) 
thrown [s\src\hotspot\share\classfile\systemDictionary.cpp, line 313]
Event: 20.875 Thread 0x000002ae9774d420 Exception <a 'java/lang/ClassNotFoundException'{0x000000070d995290}: java/util/Collections$UnmodifiableRandomAccessListCustomizer> (0x000000070d995290) 
thrown [s\src\hotspot\share\classfile\systemDictionary.cpp, line 313]
Event: 20.882 Thread 0x000002ae9774d420 Exception <a 'java/lang/NoSuchMethodError'{0x000000070d603b38}: 'java.lang.Object java.lang.invoke.Invokers$Holder.linkToCallSite(java.lang.Object, java.lang.Object, int, java.lang.Object)'> (0x000000070d603b38) 
thrown [s\src\hotspot\share\interpreter\linkResolver.cpp, line 774]
Event: 20.883 Thread 0x000002ae9774d420 Exception <a 'java/lang/ClassNotFoundException'{0x000000070d617d88}: org/thymeleaf/engine/ElementTagStructureHandlerBeanInfo> (0x000000070d617d88) 
thrown [s\src\hotspot\share\classfile\systemDictionary.cpp, line 313]
Event: 20.884 Thread 0x000002ae9774d420 Exception <a 'java/lang/ClassNotFoundException'{0x000000070d61ead8}: org/thymeleaf/engine/ElementTagStructureHandlerCustomizer> (0x000000070d61ead8) 
thrown [s\src\hotspot\share\classfile\systemDictionary.cpp, line 313]
Event: 20.884 Thread 0x000002ae9774d420 Exception <a 'java/lang/NoSuchMethodError'{0x000000070d632af0}: 'void java.lang.invoke.DirectMethodHandle$Holder.invokeInterface(java.lang.Object, java.lang.Object, java.lang.Object, int)'> (0x000000070d632af0) 
thrown [s\src\hotspot\share\interpreter\linkResolver.cpp, line 774]
Event: 20.885 Thread 0x000002ae9774d420 Exception <a 'java/lang/NoSuchMethodError'{0x000000070d636b30}: 'void java.lang.invoke.DirectMethodHandle$Holder.invokeSpecial(java.lang.Object, java.lang.Object, java.lang.Object, java.lang.Object, int)'> (0x000000070d636b30) 
thrown [s\src\hotspot\share\interpreter\linkResolver.cpp, line 774]
Event: 20.885 Thread 0x000002ae9774d420 Exception <a 'java/lang/NoSuchMethodError'{0x000000070d63a578}: 'void java.lang.invoke.DelegatingMethodHandle$Holder.reinvoke_L(java.lang.Object, java.lang.Object, java.lang.Object, int)'> (0x000000070d63a578) 
thrown [s\src\hotspot\share\interpreter\linkResolver.cpp, line 774]
Event: 20.885 Thread 0x000002ae9774d420 Exception <a 'java/lang/NoSuchMethodError'{0x000000070d643f40}: 'java.lang.Object java.lang.invoke.DelegatingMethodHandle$Holder.delegate(java.lang.Object, java.lang.Object, java.lang.Object, java.lang.Object, int)'> (0x000000070d643f40) 
thrown [s\src\hotspot\share\interpreter\linkResolver.cpp, line 774]
Event: 20.886 Thread 0x000002ae9774d420 Exception <a 'java/lang/NoSuchMethodError'{0x000000070d653088}: 'int java.lang.invoke.DirectMethodHandle$Holder.invokeSpecial(java.lang.Object, java.lang.Object, java.lang.Object, java.lang.Object, int)'> (0x000000070d653088) 
thrown [s\src\hotspot\share\interpreter\linkResolver.cpp, line 774]
Event: 29.268 Thread 0x000002ae9774c070 Implicit null exception at 0x000002ae87f5286c to 0x000002ae87f528a8
Event: 29.316 Thread 0x000002ae9774c070 Exception <a 'java/lang/NoSuchMethodError'{0x0000000711ab0420}: 'void java.lang.invoke.DirectMethodHandle$Holder.invokeVirtual(java.lang.Object, java.lang.Object, double)'> (0x0000000711ab0420) 
thrown [s\src\hotspot\share\interpreter\linkResolver.cpp, line 774]
Event: 29.316 Thread 0x000002ae9774c070 Exception <a 'java/lang/NoSuchMethodError'{0x0000000711abad18}: 'double java.lang.invoke.DelegatingMethodHandle$Holder.reinvoke_L(java.lang.Object, java.lang.Object, int)'> (0x0000000711abad18) 
thrown [s\src\hotspot\share\interpreter\linkResolver.cpp, line 774]
Event: 29.317 Thread 0x000002ae9774c070 Exception <a 'java/lang/NoSuchMethodError'{0x0000000711ac52b8}: 'void java.lang.invoke.DelegatingMethodHandle$Holder.reinvoke_L(java.lang.Object, java.lang.Object, double)'> (0x0000000711ac52b8) 
thrown [s\src\hotspot\share\interpreter\linkResolver.cpp, line 774]
Event: 30.697 Thread 0x000002ae9774b350 Exception <a 'java/lang/NoSuchMethodError'{0x000000070db20220}: 'java.lang.Object java.lang.invoke.DirectMethodHandle$Holder.invokeVirtual(java.lang.Object, java.lang.Object, int, java.lang.Object, java.lang.Object)'> (0x000000070db20220) 
thrown [s\src\hotspot\share\interpreter\linkResolver.cpp, line 774]
Event: 30.793 Thread 0x000002ae9774b350 Exception <a 'java/lang/NoSuchMethodError'{0x000000070d559770}: 'double java.lang.invoke.DirectMethodHandle$Holder.invokeVirtual(java.lang.Object, java.lang.Object)'> (0x000000070d559770) 
thrown [s\src\hotspot\share\interpreter\linkResolver.cpp, line 774]
Event: 30.793 Thread 0x000002ae9774b350 Exception <a 'java/lang/NoSuchMethodError'{0x000000070d55d478}: 'double java.lang.invoke.DelegatingMethodHandle$Holder.reinvoke_L(java.lang.Object, java.lang.Object)'> (0x000000070d55d478) 
thrown [s\src\hotspot\share\interpreter\linkResolver.cpp, line 774]
Event: 30.974 Thread 0x000002ae9774cd90 Exception <a 'java/lang/NoSuchMethodError'{0x000000070d08ec38}: 'java.lang.Object java.lang.invoke.DirectMethodHandle$Holder.invokeVirtual(java.lang.Object, java.lang.Object, int)'> (0x000000070d08ec38) 
thrown [s\src\hotspot\share\interpreter\linkResolver.cpp, line 774]
Event: 89.844 Thread 0x000002ae97749fa0 Exception <a 'java/lang/NoSuchMethodError'{0x000000070c63eb98}: 'java.lang.Object java.lang.invoke.DelegatingMethodHandle$Holder.delegate(java.lang.Object, int, java.lang.Object)'> (0x000000070c63eb98) 
thrown [s\src\hotspot\share\interpreter\linkResolver.cpp, line 774]

ZGC Phase Switch (0 events):
No events

VM Operations (20 events):
Event: 528.273 Executing VM operation: Cleanup
Event: 528.273 Executing VM operation: Cleanup done
Event: 533.327 Executing VM operation: Cleanup
Event: 533.327 Executing VM operation: Cleanup done
Event: 541.302 Executing VM operation: HandshakeAllThreads (HandshakeForDeflation)
Event: 541.302 Executing VM operation: HandshakeAllThreads (HandshakeForDeflation) done
Event: 541.303 Executing VM operation: RendezvousGCThreads
Event: 541.303 Executing VM operation: RendezvousGCThreads done
Event: 548.586 Executing VM operation: G1CollectForAllocation (G1 Evacuation Pause)
Event: 548.588 Executing VM operation: G1CollectForAllocation (G1 Evacuation Pause) done
Event: 555.375 Executing VM operation: ChangeSingleStep
Event: 555.375 Executing VM operation: ChangeSingleStep done
Event: 555.375 Executing VM operation: ChangeSingleStep
Event: 555.375 Executing VM operation: ChangeSingleStep done
Event: 555.382 Executing VM operation: RedefineClasses
Event: 555.405 Executing VM operation: RedefineClasses done
Event: 555.414 Executing VM operation: ChangeBreakpoints
Event: 555.416 Executing VM operation: ChangeBreakpoints done
Event: 555.421 Executing VM operation: ChangeSingleStep
Event: 555.421 Executing VM operation: ChangeSingleStep done

Memory protections (0 events):
No events

Nmethod flushes (20 events):
Event: 239.968 Thread 0x000002ae8fca0540 flushing  nmethod 0x000002ae80ae9190
Event: 239.968 Thread 0x000002ae8fca0540 flushing  nmethod 0x000002ae80ba7e90
Event: 239.968 Thread 0x000002ae8fca0540 flushing  nmethod 0x000002ae80babf90
Event: 239.968 Thread 0x000002ae8fca0540 flushing  nmethod 0x000002ae80bbba90
Event: 239.968 Thread 0x000002ae8fca0540 flushing  nmethod 0x000002ae80bbd110
Event: 239.968 Thread 0x000002ae8fca0540 flushing  nmethod 0x000002ae80c69010
Event: 239.968 Thread 0x000002ae8fca0540 flushing  nmethod 0x000002ae80c6fe10
Event: 239.968 Thread 0x000002ae8fca0540 flushing  nmethod 0x000002ae80d9fe10
Event: 239.968 Thread 0x000002ae8fca0540 flushing  nmethod 0x000002ae80dd8f10
Event: 239.969 Thread 0x000002ae8fca0540 flushing  nmethod 0x000002ae80f84d10
Event: 239.969 Thread 0x000002ae8fca0540 flushing  nmethod 0x000002ae8112c190
Event: 375.200 Thread 0x000002ae8fca0540 flushing  nmethod 0x000002ae8801ef10
Event: 375.200 Thread 0x000002ae8fca0540 flushing  nmethod 0x000002ae88050090
Event: 375.200 Thread 0x000002ae8fca0540 flushing  nmethod 0x000002ae87b3c910
Event: 375.200 Thread 0x000002ae8fca0540 flushing  nmethod 0x000002ae88077390
Event: 504.015 Thread 0x000002ae8fca0540 flushing osr nmethod 0x000002ae80f0fd90
Event: 504.015 Thread 0x000002ae8fca0540 flushing  nmethod 0x000002ae8036c590
Event: 504.015 Thread 0x000002ae8fca0540 flushing  nmethod 0x000002ae80779e10
Event: 504.015 Thread 0x000002ae8fca0540 flushing  nmethod 0x000002ae81087a90
Event: 504.015 Thread 0x000002ae8fca0540 flushing  nmethod 0x000002ae8109c210

Events (20 events):
Event: 30.749 Thread 0x000002ae940c5ef0 Thread added: 0x000002ae947350a0
Event: 33.020 Thread 0x000002ae947350a0 Thread exited: 0x000002ae947350a0
Event: 33.020 Thread 0x000002ae94736510 Thread exited: 0x000002ae94736510
Event: 34.015 Thread 0x000002ae94069560 Thread added: 0x000002ae94736be0
Event: 36.012 Thread 0x000002ae94736be0 Thread exited: 0x000002ae94736be0
Event: 47.054 Thread 0x000002aef51f7c30 Thread exited: 0x000002aef51f7c30
Event: 47.054 Thread 0x000002ae9a92bed0 Thread added: 0x000002ae9a92bed0
Event: 76.798 Thread 0x000002ae94069560 Thread added: 0x000002ae94734300
Event: 76.964 Thread 0x000002ae94734300 Thread exited: 0x000002ae94734300
Event: 88.457 Thread 0x000002ae940c5ef0 Thread added: 0x000002ae94736510
Event: 88.457 Thread 0x000002ae940c5ef0 Thread added: 0x000002ae94736be0
Event: 89.827 Thread 0x000002ae94736510 Thread exited: 0x000002ae94736510
Event: 89.827 Thread 0x000002ae94736be0 Thread exited: 0x000002ae94736be0
Event: 89.853 Thread 0x000002ae940c5ef0 Thread added: 0x000002ae94736be0
Event: 92.003 Thread 0x000002ae94736be0 Thread exited: 0x000002ae94736be0
Event: 103.606 Thread 0x000002ae9a92c560 Thread exited: 0x000002ae9a92c560
Event: 466.946 Thread 0x000002ae9774c070 Thread added: 0x000002ae9a92c560
Event: 466.977 Thread 0x000002ae94069560 Thread added: 0x000002ae94738050
Event: 467.277 Thread 0x000002ae94738050 Thread exited: 0x000002ae94738050
Event: 532.055 Thread 0x000002ae9a92c560 Thread exited: 0x000002ae9a92c560


Dynamic libraries:
0x00007ff69c0c0000 - 0x00007ff69c0ce000 	C:\Users\MSI\.p2\pool\plugins\org.eclipse.justj.openjdk.hotspot.jre.full.win32.x86_64_22.0.2.v20240802-1626\jre\bin\javaw.exe
0x00007ff876280000 - 0x00007ff8764e3000 	C:\WINDOWS\SYSTEM32\ntdll.dll
0x00007ff875bf0000 - 0x00007ff875cb8000 	C:\WINDOWS\System32\KERNEL32.DLL
0x00007ff8739d0000 - 0x00007ff873d82000 	C:\WINDOWS\System32\KERNELBASE.dll
0x00007ff873880000 - 0x00007ff8739cb000 	C:\WINDOWS\System32\ucrtbase.dll
0x00007ff867640000 - 0x00007ff867657000 	C:\Users\MSI\.p2\pool\plugins\org.eclipse.justj.openjdk.hotspot.jre.full.win32.x86_64_22.0.2.v20240802-1626\jre\bin\jli.dll
0x00007ff8562a0000 - 0x00007ff8562bb000 	C:\Users\MSI\.p2\pool\plugins\org.eclipse.justj.openjdk.hotspot.jre.full.win32.x86_64_22.0.2.v20240802-1626\jre\bin\VCRUNTIME140.dll
0x00007ff874680000 - 0x00007ff874848000 	C:\WINDOWS\System32\USER32.dll
0x00007ff873e50000 - 0x00007ff873e77000 	C:\WINDOWS\System32\win32u.dll
0x00007ff8602c0000 - 0x00007ff860550000 	C:\WINDOWS\WinSxS\amd64_microsoft.windows.common-controls_6595b64144ccf1df_6.0.26100.2454_none_3e0b68a2e331ad60\COMCTL32.dll
0x00007ff874c00000 - 0x00007ff874c2a000 	C:\WINDOWS\System32\GDI32.dll
0x00007ff873f20000 - 0x00007ff87404b000 	C:\WINDOWS\System32\gdi32full.dll
0x00007ff874260000 - 0x00007ff874309000 	C:\WINDOWS\System32\msvcrt.dll
0x00007ff873650000 - 0x00007ff8736f3000 	C:\WINDOWS\System32\msvcp_win.dll
0x00007ff874100000 - 0x00007ff87412f000 	C:\WINDOWS\System32\IMM32.DLL
0x00007ff859a70000 - 0x00007ff859a7c000 	C:\Users\MSI\.p2\pool\plugins\org.eclipse.justj.openjdk.hotspot.jre.full.win32.x86_64_22.0.2.v20240802-1626\jre\bin\vcruntime140_1.dll
0x00007ff8283e0000 - 0x00007ff82846e000 	C:\Users\MSI\.p2\pool\plugins\org.eclipse.justj.openjdk.hotspot.jre.full.win32.x86_64_22.0.2.v20240802-1626\jre\bin\msvcp140.dll
0x00007fffee720000 - 0x00007fffef4e3000 	C:\Users\MSI\.p2\pool\plugins\org.eclipse.justj.openjdk.hotspot.jre.full.win32.x86_64_22.0.2.v20240802-1626\jre\bin\server\jvm.dll
0x00007ff874540000 - 0x00007ff8745f4000 	C:\WINDOWS\System32\ADVAPI32.dll
0x00007ff8743f0000 - 0x00007ff874496000 	C:\WINDOWS\System32\sechost.dll
0x00007ff874140000 - 0x00007ff874256000 	C:\WINDOWS\System32\RPCRT4.dll
0x00007ff8744c0000 - 0x00007ff874534000 	C:\WINDOWS\System32\WS2_32.dll
0x00007ff8734e0000 - 0x00007ff87352e000 	C:\WINDOWS\SYSTEM32\POWRPROF.dll
0x00007ff86b1d0000 - 0x00007ff86b1db000 	C:\WINDOWS\SYSTEM32\VERSION.dll
0x00007ff86b190000 - 0x00007ff86b1c6000 	C:\WINDOWS\SYSTEM32\WINMM.dll
0x00007ff8734c0000 - 0x00007ff8734d4000 	C:\WINDOWS\SYSTEM32\UMPDC.dll
0x00007ff872490000 - 0x00007ff8724aa000 	C:\WINDOWS\SYSTEM32\kernel.appcore.dll
0x00007ff86f9b0000 - 0x00007ff86f9ba000 	C:\Users\MSI\.p2\pool\plugins\org.eclipse.justj.openjdk.hotspot.jre.full.win32.x86_64_22.0.2.v20240802-1626\jre\bin\jimage.dll
0x00007ff8671a0000 - 0x00007ff8673e1000 	C:\WINDOWS\SYSTEM32\DBGHELP.DLL
0x00007ff875860000 - 0x00007ff875bde000 	C:\WINDOWS\System32\combase.dll
0x00007ff874310000 - 0x00007ff8743e6000 	C:\WINDOWS\System32\OLEAUT32.dll
0x00007ff85e8c0000 - 0x00007ff85e8f9000 	C:\WINDOWS\SYSTEM32\dbgcore.DLL
0x00007ff873e80000 - 0x00007ff873f19000 	C:\WINDOWS\System32\bcryptPrimitives.dll
0x00007ff867660000 - 0x00007ff86769c000 	C:\Users\MSI\.p2\pool\plugins\org.eclipse.justj.openjdk.hotspot.jre.full.win32.x86_64_22.0.2.v20240802-1626\jre\bin\jdwp.dll
0x00007ff86cda0000 - 0x00007ff86cdaf000 	C:\Users\MSI\.p2\pool\plugins\org.eclipse.justj.openjdk.hotspot.jre.full.win32.x86_64_22.0.2.v20240802-1626\jre\bin\instrument.dll
0x00007ff85f150000 - 0x00007ff85f16e000 	C:\Users\MSI\.p2\pool\plugins\org.eclipse.justj.openjdk.hotspot.jre.full.win32.x86_64_22.0.2.v20240802-1626\jre\bin\java.dll
0x00007ff875150000 - 0x00007ff875850000 	C:\WINDOWS\System32\SHELL32.dll
0x00007ff8748b0000 - 0x00007ff874a49000 	C:\WINDOWS\System32\ole32.dll
0x00007ff85f130000 - 0x00007ff85f147000 	C:\Users\MSI\.p2\pool\plugins\org.eclipse.justj.openjdk.hotspot.jre.full.win32.x86_64_22.0.2.v20240802-1626\jre\bin\zip.dll
0x00007ff871330000 - 0x00007ff871b61000 	C:\WINDOWS\SYSTEM32\windows.storage.dll
0x00007ff874aa0000 - 0x00007ff874b7a000 	C:\WINDOWS\System32\SHCORE.dll
0x00007ff874850000 - 0x00007ff8748ad000 	C:\WINDOWS\System32\shlwapi.dll
0x00007ff873560000 - 0x00007ff87358e000 	C:\WINDOWS\SYSTEM32\profapi.dll
0x00007ff86cd90000 - 0x00007ff86cd9c000 	C:\Users\MSI\.p2\pool\plugins\org.eclipse.justj.openjdk.hotspot.jre.full.win32.x86_64_22.0.2.v20240802-1626\jre\bin\dt_socket.dll
0x00007ff871e80000 - 0x00007ff871eb2000 	C:\WINDOWS\SYSTEM32\IPHLPAPI.DLL
0x00007ff872990000 - 0x00007ff8729f8000 	C:\WINDOWS\system32\mswsock.dll
0x00007ff871f10000 - 0x00007ff872035000 	C:\WINDOWS\SYSTEM32\DNSAPI.dll
0x00007ff8744a0000 - 0x00007ff8744aa000 	C:\WINDOWS\System32\NSI.dll
0x00007ff86eda0000 - 0x00007ff86edab000 	C:\Windows\System32\rasadhlp.dll
0x00007ff8701a0000 - 0x00007ff870225000 	C:\WINDOWS\System32\fwpuclnt.dll
0x00007ff86f9a0000 - 0x00007ff86f9b0000 	C:\Users\MSI\.p2\pool\plugins\org.eclipse.justj.openjdk.hotspot.jre.full.win32.x86_64_22.0.2.v20240802-1626\jre\bin\net.dll
0x00007ff85b080000 - 0x00007ff85b096000 	C:\Users\MSI\.p2\pool\plugins\org.eclipse.justj.openjdk.hotspot.jre.full.win32.x86_64_22.0.2.v20240802-1626\jre\bin\nio.dll
0x00007ff867720000 - 0x00007ff867730000 	C:\Users\MSI\.p2\pool\plugins\org.eclipse.justj.openjdk.hotspot.jre.full.win32.x86_64_22.0.2.v20240802-1626\jre\bin\verify.dll
0x00007ff856290000 - 0x00007ff85629a000 	C:\Users\MSI\.p2\pool\plugins\org.eclipse.justj.openjdk.hotspot.jre.full.win32.x86_64_22.0.2.v20240802-1626\jre\bin\management.dll
0x00007ff855ad0000 - 0x00007ff855adb000 	C:\Users\MSI\.p2\pool\plugins\org.eclipse.justj.openjdk.hotspot.jre.full.win32.x86_64_22.0.2.v20240802-1626\jre\bin\management_ext.dll
0x00007ff875cf0000 - 0x00007ff875cf8000 	C:\WINDOWS\System32\PSAPI.DLL
0x00007ff86cdb0000 - 0x00007ff86cdbb000 	C:\Users\MSI\.p2\pool\plugins\org.eclipse.justj.openjdk.hotspot.jre.full.win32.x86_64_22.0.2.v20240802-1626\jre\bin\le.dll
0x00007ff864210000 - 0x00007ff86421e000 	C:\Users\MSI\.p2\pool\plugins\org.eclipse.justj.openjdk.hotspot.jre.full.win32.x86_64_22.0.2.v20240802-1626\jre\bin\sunmscapi.dll
0x00007ff873700000 - 0x00007ff873876000 	C:\WINDOWS\System32\CRYPT32.dll
0x00007ff872e30000 - 0x00007ff872e60000 	C:\WINDOWS\SYSTEM32\ncrypt.dll
0x00007ff872de0000 - 0x00007ff872e1f000 	C:\WINDOWS\SYSTEM32\NTASN1.dll
0x00007ff872c30000 - 0x00007ff872c4c000 	C:\WINDOWS\SYSTEM32\CRYPTSP.dll
0x00007ff8723d0000 - 0x00007ff872408000 	C:\WINDOWS\system32\rsaenh.dll
0x00007ff872a30000 - 0x00007ff872a5b000 	C:\WINDOWS\SYSTEM32\USERENV.dll
0x00007ff872e70000 - 0x00007ff872e96000 	C:\WINDOWS\SYSTEM32\bcrypt.dll
0x00007ff872c50000 - 0x00007ff872c5c000 	C:\WINDOWS\SYSTEM32\CRYPTBASE.dll
0x00007ff856440000 - 0x00007ff856449000 	C:\Users\MSI\.p2\pool\plugins\org.eclipse.justj.openjdk.hotspot.jre.full.win32.x86_64_22.0.2.v20240802-1626\jre\bin\extnet.dll
0x00007ff867b10000 - 0x00007ff867b18000 	C:\WINDOWS\system32\wshunix.dll

dbghelp: loaded successfully - version: 4.0.5 - missing functions: none
symbol engine: initialized successfully - sym options: 0x614 - pdb path: .;C:\Users\MSI\.p2\pool\plugins\org.eclipse.justj.openjdk.hotspot.jre.full.win32.x86_64_22.0.2.v20240802-1626\jre\bin;C:\WINDOWS\SYSTEM32;C:\WINDOWS\WinSxS\amd64_microsoft.windows.common-controls_6595b64144ccf1df_6.0.26100.2454_none_3e0b68a2e331ad60;C:\Users\MSI\.p2\pool\plugins\org.eclipse.justj.openjdk.hotspot.jre.full.win32.x86_64_22.0.2.v20240802-1626\jre\bin\server

VM Arguments:
jvm_args: -XX:+ShowCodeDetailsInExceptionMessages -agentlib:jdwp=transport=dt_socket,suspend=y,address=localhost:63207 -javaagent:D:\eclipse\jee-2024-094\eclipse\configuration\org.eclipse.osgi\446\0\.cp\lib\javaagent-shaded.jar -Dfile.encoding=UTF-8 -Dstdout.encoding=UTF-8 -Dstderr.encoding=UTF-8 
java_command: com.frontend.train_booking_frontend_customer.TrainBookingFrontendApplication
java_class_path (initial): F:\Java\Web\train_booking_project\train-booking-frontend-customer\target\classes;C:\Users\MSI\.m2\repository\org\springframework\boot\spring-boot-starter-thymeleaf\3.3.4\spring-boot-starter-thymeleaf-3.3.4.jar;C:\Users\MSI\.m2\repository\org\springframework\boot\spring-boot-starter\3.3.4\spring-boot-starter-3.3.4.jar;C:\Users\MSI\.m2\repository\org\springframework\boot\spring-boot-starter-logging\3.3.4\spring-boot-starter-logging-3.3.4.jar;C:\Users\MSI\.m2\repository\ch\qos\logback\logback-classic\1.5.8\logback-classic-1.5.8.jar;C:\Users\MSI\.m2\repository\ch\qos\logback\logback-core\1.5.8\logback-core-1.5.8.jar;C:\Users\MSI\.m2\repository\org\apache\logging\log4j\log4j-to-slf4j\2.23.1\log4j-to-slf4j-2.23.1.jar;C:\Users\MSI\.m2\repository\org\apache\logging\log4j\log4j-api\2.23.1\log4j-api-2.23.1.jar;C:\Users\MSI\.m2\repository\org\slf4j\jul-to-slf4j\2.0.16\jul-to-slf4j-2.0.16.jar;C:\Users\MSI\.m2\repository\jakarta\annotation\jakarta.annotation-api\2.1.1\jakarta.annotation-api-2.1.1.jar;C:\Users\MSI\.m2\repository\org\yaml\snakeyaml\2.2\snakeyaml-2.2.jar;C:\Users\MSI\.m2\repository\org\thymeleaf\thymeleaf-spring6\3.1.2.RELEASE\thymeleaf-spring6-3.1.2.RELEASE.jar;C:\Users\MSI\.m2\repository\org\springframework\boot\spring-boot-starter-web\3.3.4\spring-boot-starter-web-3.3.4.jar;C:\Users\MSI\.m2\repository\org\springframework\boot\spring-boot-starter-json\3.3.4\spring-boot-starter-json-3.3.4.jar;C:\Users\MSI\.m2\repository\com\fasterxml\jackson\core\jackson-databind\2.17.2\jackson-databind-2.17.2.jar;C:\Users\MSI\.m2\repository\com\fasterxml\jackson\core\jackson-annotations\2.17.2\jackson-annotations-2.17.2.jar;C:\Users\MSI\.m2\repository\com\fasterxml\jackson\core\jackson-core\2.17.2\jackson-core-2.17.2.jar;C:\Users\MSI\.m2\repository\com\fasterxml\jackson\datatype\jackson-datatype-jdk8\2.17.2\jackson-datatype-jdk8-2.17.2.jar;C:\Users\MSI\.m2\repository\com\fasterxml\jackson\datatype\jackson-datatype-jsr310\2.17.2\jackson-datatype-jsr310-2.17.2.jar;C:\Users\MSI\.m2\repository\com\fasterxml\jackson\module\jackson-module-parameter-names\2.17.2\jackson-module-parameter-names-2.17.2.jar;C:\Users\MSI\.m2\repository\org\springframework\boot\spring-boot-starter-tomcat\3.3.4\spring-boot-starter-tomcat-3.3.4.jar;C:\Users\MSI\.m2\repository\org\apache\tomcat\embed\tomcat-embed-core\10.1.30\tomcat-embed-core-10.1.30.jar;C:\Users\MSI\.m2\repository\org\apache\tomcat\embed\tomcat-embed-websocket\10.1.30\tomcat-embed-websocket-10.1.30.jar;C:\Users\MSI\.m2\repository\org\springframework\spring-web\6.1.13\spring-web-6.1.13.jar;C:\Users\MSI\.m2\repository\org\springframework\spring-beans\6.1.13\spring-beans-6.1.13.jar;C:\Users\MSI\.m2\repository\io\micrometer\micrometer-observation\1.13.4\micrometer-observation-1.13.4.jar;C:\Users\MSI\.m2\repository\io\micrometer\micrometer-commons\1.13.4\micrometer-commons-1.13.4.jar;C:\Users\MSI\.m2\repository\org\springframework\spring-webmvc\6.1.13\spring-webmvc-6.1.13.jar;C:\Users\MSI\.m2\repository\org\springframework\spring-aop\6.1.13\spring-aop-6.1.13.jar;C:\Users\MSI\.m2\repository\org\springframework\spring-context\6.1.13\spring-context-6.1.13.jar;C:\Users\MSI\.m2\repository\org\springframework\spring-expression\6.1.13\spring-expression-6.1.13.jar;C:\Users\MSI\.m2\repository\org\springframework\spring-core\6.1.13\spring-core-6.1.13.jar;C:\Users\MSI\.m2\repository\org\springframework\spring-jcl\6.1.13\spring-jcl-6.1.13.jar;C:\Users\MSI\.m2\repository\org\springframework\boot\spring-boot-devtools\3.3.4\spring-boot-devtools-3.3.4.jar;C:\Users\MSI\.m2\repository\org\springframework\boot\spring-boot\3.3.4\spring-boot-3.3.4.jar;C:\Users\MSI\.m2\repository\org\springframework\boot\spring-boot-autoconfigure\3.3.4\spring-boot-autoconfigure-3.3.4.jar;C:\Users\MSI\.m2\repository\nz\net\ultraq\thymeleaf\thymeleaf-layout-dialect\3.3.0\thymeleaf-layout-dialect-3.3.0.jar;C:\Users\MSI\.m2\repository\org\apache\groovy\groovy\4.0.23\groovy-4.0.23.jar;C:\Users\MSI\.m2\repository\nz\net\ultraq\groovy\groovy-extensions\2.1.0\groovy-extensions-2.1.0.jar;C:\Users\MSI\.m2\repository\nz\net\ultraq\thymeleaf\thymeleaf-expression-processor\3.2.0\thymeleaf-expression-processor-3.2.0.jar;C:\Users\MSI\.m2\repository\org\thymeleaf\thymeleaf\3.1.2.RELEASE\thymeleaf-3.1.2.RELEASE.jar;C:\Users\MSI\.m2\repository\ognl\ognl\3.3.4\ognl-3.3.4.jar;C:\Users\MSI\.m2\repository\org\javassist\javassist\3.29.0-GA\javassist-3.29.0-GA.jar;C:\Users\MSI\.m2\repository\org\attoparser\attoparser\2.0.7.RELEASE\attoparser-2.0.7.RELEASE.jar;C:\Users\MSI\.m2\repository\org\unbescape\unbescape\1.1.6.RELEASE\unbescape-1.1.6.RELEASE.jar;C:\Users\MSI\.m2\repository\org\slf4j\slf4j-api\2.0.16\slf4j-api-2.0.16.jar;C:\Users\MSI\.m2\repository\org\springframework\boot\spring-boot-starter-validation\3.3.4\spring-boot-starter-validation-3.3.4.jar;C:\Users\MSI\.m2\repository\org\apache\tomcat\embed\tomcat-embed-el\10.1.30\tomcat-embed-el-10.1.30.jar;C:\Users\MSI\.m2\repository\org\hibernate\validator\hibernate-validator\8.0.1.Final\hibernate-validator-8.0.1.Final.jar;C:\Users\MSI\.m2\repository\jakarta\validation\jakarta.validation-api\3.0.2\jakarta.validation-api-3.0.2.jar;C:\Users\MSI\.m2\repository\org\jboss\logging\jboss-logging\3.5.3.Final\jboss-logging-3.5.3.Final.jar;C:\Users\MSI\.m2\repository\com\fasterxml\classmate\1.7.0\classmate-1.7.0.jar
Launcher Type: SUN_STANDARD

[Global flags]
     intx CICompilerCount                          = 4                                         {product} {ergonomic}
     uint ConcGCThreads                            = 3                                         {product} {ergonomic}
     uint G1ConcRefinementThreads                  = 10                                        {product} {ergonomic}
   size_t G1HeapRegionSize                         = 2097152                                   {product} {ergonomic}
   size_t InitialHeapSize                          = 260046848                                 {product} {ergonomic}
   size_t MarkStackSize                            = 4194304                                   {product} {ergonomic}
   size_t MaxHeapSize                              = 4131389440                                {product} {ergonomic}
   size_t MaxNewSize                               = 2478833664                                {product} {ergonomic}
   size_t MinHeapDeltaBytes                        = 2097152                                   {product} {ergonomic}
   size_t MinHeapSize                              = 8388608                                   {product} {ergonomic}
    uintx NonNMethodCodeHeapSize                   = 5839372                                {pd product} {ergonomic}
    uintx NonProfiledCodeHeapSize                  = 122909434                              {pd product} {ergonomic}
    uintx ProfiledCodeHeapSize                     = 122909434                              {pd product} {ergonomic}
    uintx ReservedCodeCacheSize                    = 251658240                              {pd product} {ergonomic}
     bool SegmentedCodeCache                       = true                                      {product} {ergonomic}
     bool ShowCodeDetailsInExceptionMessages       = true                                   {manageable} {command line}
   size_t SoftMaxHeapSize                          = 4131389440                             {manageable} {ergonomic}
     bool UseCompressedOops                        = true                           {product lp64_product} {ergonomic}
     bool UseG1GC                                  = true                                      {product} {ergonomic}
     bool UseLargePagesIndividualAllocation        = false                                  {pd product} {ergonomic}

Logging:
Log output configuration:
 #0: stdout all=warning uptime,level,tags foldmultilines=false
 #1: stderr all=off uptime,level,tags foldmultilines=false

Environment Variables:
PATH=C:\Users\MSI\.p2\pool\plugins\org.eclipse.justj.openjdk.hotspot.jre.full.win32.x86_64_22.0.2.v20240802-1626\jre\bin;C:/Users/MSI/.p2/pool/plugins/org.eclipse.justj.openjdk.hotspot.jre.full.win32.x86_64_22.0.2.v20240802-1626/jre/bin/server;C:/Users/MSI/.p2/pool/plugins/org.eclipse.justj.openjdk.hotspot.jre.full.win32.x86_64_22.0.2.v20240802-1626/jre/bin;D:\Python12\Scripts\;D:\Python12\;C:\Program Files\Common Files\Oracle\Java\javapath;C:\Program Files\Microsoft MPI\Bin\;C:\WINDOWS\system32;C:\WINDOWS;C:\WINDOWS\System32\Wbem;C:\WINDOWS\System32\WindowsPowerShell\v1.0\;C:\WINDOWS\System32\OpenSSH\;C:\Program Files\dotnet\;C:\Program Files\Microsoft SQL Server\150\Tools\Binn\;C:\Program Files\Microsoft SQL Server\Client SDK\ODBC\170\Tools\Binn\;C:\Program Files (x86)\Microsoft SQL Server\160\Tools\Binn\;C:\Program Files\Microsoft SQL Server\160\Tools\Binn\;C:\Program Files\Microsoft SQL Server\160\DTS\Binn\;D:\Python\Python_3.12\Scripts;C:\Program Files\Docker\Docker\resources\bin;D:\JDK 11\jdk11.0.21\bin;D:\Java\Jdk-21\bin;C:\Program Files\MySQL\MySQL Server 8.0\bin;C:\Program Files\MySQL\MySQL Shell 8.0\bin\;C:\Users\MSI\AppData\Local\Microsoft\WindowsApps;C:\Users\MSI\.dotnet\tools;C:\Users\MSI\AppData\Local\GitHubDesktop\bin;C:\Users\MSI\AppData\Local\Programs\Microsoft VS Code\bin;D:\Python\Python_3.12\Scripts;D:\Azure studio\Azure Data Studio\bin;D:\JDK 11\jdk11.0.21\bin;D:\Java\Jdk-21\bin;C:\Program Files\MySQL\MySQL Server 8.0\bin;D:\nodejs;;C:\Users\MSI\OneDrive\Desktop;
USERNAME=MSI
OS=Windows_NT
PROCESSOR_IDENTIFIER=AMD64 Family 25 Model 80 Stepping 0, AuthenticAMD
TMP=C:\Users\MSI\AppData\Local\Temp
TEMP=C:\Users\MSI\AppData\Local\Temp




Periodic native trim disabled

---------------  S Y S T E M  ---------------

OS:
 Windows 11 , 64 bit Build 26100 (10.0.26100.2454)
OS uptime: 1 days 6:50 hours
Hyper-V role detected

CPU: total 12 (initial active 12) (12 cores per cpu, 2 threads per core) family 25 model 80 stepping 0 microcode 0xa50000c, cx8, cmov, fxsr, ht, mmx, 3dnowpref, sse, sse2, sse3, ssse3, sse4a, sse4.1, sse4.2, popcnt, lzcnt, tsc, tscinvbit, avx, avx2, aes, erms, clmul, bmi1, bmi2, adx, sha, fma, vzeroupper, clflush, clflushopt, hv, rdtscp, rdpid, fsrm, f16c, cet_ss
Processor Information for processor 0
  Max Mhz: 3301, Current Mhz: 3301, Mhz Limit: 3301
Processor Information for processor 1
  Max Mhz: 3301, Current Mhz: 2630, Mhz Limit: 3301
Processor Information for processor 2
  Max Mhz: 3301, Current Mhz: 2630, Mhz Limit: 3301
Processor Information for processor 3
  Max Mhz: 3301, Current Mhz: 3301, Mhz Limit: 3301
Processor Information for processor 4
  Max Mhz: 3301, Current Mhz: 2630, Mhz Limit: 3301
Processor Information for processor 5
  Max Mhz: 3301, Current Mhz: 2630, Mhz Limit: 3301
Processor Information for processor 6
  Max Mhz: 3301, Current Mhz: 2630, Mhz Limit: 3301
Processor Information for processor 7
  Max Mhz: 3301, Current Mhz: 3301, Mhz Limit: 3301
Processor Information for processor 8
  Max Mhz: 3301, Current Mhz: 2630, Mhz Limit: 3301
Processor Information for processor 9
  Max Mhz: 3301, Current Mhz: 3301, Mhz Limit: 3301
Processor Information for processor 10
  Max Mhz: 3301, Current Mhz: 3301, Mhz Limit: 3301
Processor Information for processor 11
  Max Mhz: 3301, Current Mhz: 2630, Mhz Limit: 3301

Memory: 4k page, system-wide physical 15754M (4793M free)
TotalPageFile size 24458M (AvailPageFile size 9479M)
current process WorkingSet (physical memory assigned to process): 275M, peak: 342M
current process commit charge ("private bytes"): 304M, peak: 403M

vm_info: OpenJDK 64-Bit Server VM (22.0.2+9) for windows-amd64 JRE (22.0.2+9), built on 2024-07-16T00:00:00Z by "admin" with MS VC++ 17.7 (VS2022)

END.
